Script started on Mon 14 Jan 2013 01:35:52 PM CET
[/home/saveant/TGV/DESCARWIN/dae/descarwin/trunk/experiments/MultiObjective/Examples/IPC7/domains/multi-sat/floortile]louis07.fr.trt.thales>cpt_yahsp -C 100 -W -K0.01,0.01 -o domain/domain-sub.pddl  -f problems/pfile2.pddl 
number of last conflicts : 100
enable wdeg
temporal precision : 0.01,0.01
domain file : domain/domain-sub.pddl
problem file : problems/pfile2.pddl

Parsing domain.................... done : 0.001          
Parsing problem................... done : 0.000          
domain : floor-tile
problem : pfile2
Instantiating operators........... done : 0.001          
Creating initial structures....... done : 0.000          
Computing bound................... done : 0.000          
Computing e-deleters.............. done : 0.000          
Finalizing e-deleters............. done : 0.000          
Refreshing structures............. done : 0.001          
Computing distances............... done : 0.002          
Finalizing structures............. done : 0.000          
Variables creation................ done : 0.004          
Bad supporters.................... done : 0.002          
Distance boosting................. done : 0.000          
Initial propagations.............. done : 0.001          

Problem : 104 actions, 49 fluents, 239 causals
          14 init facts, 9 goals

Bound : 9  ---  Nodes : 0  ---  Backtracks : 0  ---  Iteration time : 0.000
Bound : 10.81  ---  Nodes : 0  ---  Backtracks : 0  ---  Iteration time : 0.000
Bound : 12.62  ---  Nodes : 0  ---  Backtracks : 0  ---  Iteration time : 0.000
Bound : 14.43  ---  Nodes : 2  ---  Backtracks : 2  ---  Iteration time : 0.001
Bound : 16.24  ---  Nodes : 3  ---  Backtracks : 3  ---  Iteration time : 0.001
Bound : 18.05  ---  Nodes : 14  ---  Backtracks : 14  ---  Iteration time : 0.003
Bound : 19.86  ---  Nodes : 23  ---  Backtracks : 23  ---  Iteration time : 0.006
Bound : 21.67  ---  Nodes : 24  ---  Backtracks : 15  ---  Iteration time : 0.006
Bound : 19.93  ---  Nodes : 26  ---  Backtracks : 26  ---  Iteration time : 0.006
Bound : 19.97  ---  Nodes : 27  ---  Backtracks : 27  ---  Iteration time : 0.007
Bound : 19.99  ---  Nodes : 24  ---  Backtracks : 24  ---  Iteration time : 0.006

0.00: (left robot1 tile_2-2 tile_2-1) [1] [6]
0.01: (right robot2 tile_3-1 tile_3-2) [1] [6]
1.02: (paint-up robot1 tile_3-1 tile_2-1 white) [2] [4]
3.03: (right robot1 tile_2-1 tile_2-2) [1] [6]
4.04: (right robot1 tile_2-2 tile_2-3) [1] [6]
5.05: (down robot2 tile_3-2 tile_2-2) [1] [6]
5.06: (paint-up robot1 tile_3-3 tile_2-3 white) [2] [4]
6.07: (paint-up robot2 tile_3-2 tile_2-2 black) [2] [4]
7.08: (down robot1 tile_2-3 tile_1-3) [1] [6]
8.09: (left robot1 tile_1-3 tile_1-2) [1] [6]
8.10: (left robot2 tile_2-2 tile_2-1) [1] [6]
9.11: (down robot2 tile_2-1 tile_1-1) [1] [6]
9.12: (paint-up robot1 tile_2-2 tile_1-2 white) [2] [4]
10.13: (paint-up robot2 tile_2-1 tile_1-1 black) [2] [4]
11.14: (down robot1 tile_1-2 tile_0-2) [1] [6]
12.15: (right robot2 tile_1-1 tile_1-2) [1] [6]
12.16: (left robot1 tile_0-2 tile_0-1) [1] [6]
13.17: (right robot2 tile_1-2 tile_1-3) [1] [6]
13.18: (paint-up robot1 tile_1-1 tile_0-1 white) [2] [4]
14.19: (paint-up robot2 tile_2-3 tile_1-3 black) [2] [4]
15.20: (right robot1 tile_0-1 tile_0-2) [1] [6]
16.21: (right robot1 tile_0-2 tile_0-3) [1] [6]
16.22: (left robot2 tile_1-3 tile_1-2) [1] [6]
17.23: (paint-up robot1 tile_1-3 tile_0-3 white) [2] [4]
17.24: (down robot2 tile_1-2 tile_0-2) [1] [6]
18.25: (paint-up robot2 tile_1-2 tile_0-2 black) [2] [4]

Makespan : 20
Total cost : 1.38
Length : 26
Nodes : 143
Backtracks : 134
Support choices : 73
Conflict choices : 70
Mutex choices : 0
Start time choices : 0
World size : 100K
Nodes/sec : 3782.765
Search us time : 0.038
Search wc time : 0.039
Total us time : 0.050
Total wc time : 0.056

[/home/saveant/TGV/DESCARWIN/dae/descarwin/trunk/experiments/MultiObjective/Examples/IPC7/domains/multi-sat/floortile]louis07.fr.trt.thales>^Dexit

Script done on Mon 14 Jan 2013 01:36:11 PM CET
