Script started on Mon 14 Jan 2013 01:42:41 PM CET
[/home/saveant/TGV/DESCARWIN/dae/descarwin/trunk/experiments/MultiObjective/Examples/IPC7/domains/multi-sat/floortile]louis08.fr.trt.thales>cpt_yahsp -C 100 -W -K0.01,0.01 -o domain/domain-sub.pddl  -f problems/pfile9.pddl 
number of last conflicts : 100
enable wdeg
temporal precision : 0.01,0.01
domain file : domain/domain-sub.pddl
problem file : problems/pfile9.pddl

Parsing domain.................... done : 0.001          
Parsing problem................... done : 0.001          
domain : floor-tile
problem : pfile9
Instantiating operators........... done : 0.002          
Creating initial structures....... done : 0.000          
Computing bound................... done : 0.000          
Computing e-deleters.............. done : 0.001          
Finalizing e-deleters............. done : 0.001          
Refreshing structures............. done : 0.002          
Computing distances............... done : 0.005          
Finalizing structures............. done : 0.000          
Variables creation................ done : 0.005          
Bad supporters.................... done : 0.005          
Distance boosting................. done : 0.000          
Initial propagations.............. done : 0.002          

Problem : 186 actions, 80 fluents, 436 causals
          22 init facts, 16 goals

Bound : 15  ---  Nodes : 0  ---  Backtracks : 0  ---  Iteration time : 0.000
Bound : 16.74  ---  Nodes : 0  ---  Backtracks : 0  ---  Iteration time : 0.000
Bound : 18.48  ---  Nodes : 0  ---  Backtracks : 0  ---  Iteration time : 0.000
Bound : 20.22  ---  Nodes : 0  ---  Backtracks : 0  ---  Iteration time : 0.000
Bound : 21.96  ---  Nodes : 0  ---  Backtracks : 0  ---  Iteration time : 0.000
Bound : 23.7  ---  Nodes : 1  ---  Backtracks : 1  ---  Iteration time : 0.001
Bound : 25.44  ---  Nodes : 2  ---  Backtracks : 2  ---  Iteration time : 0.001
Bound : 27.18  ---  Nodes : 3  ---  Backtracks : 3  ---  Iteration time : 0.002
Bound : 28.92  ---  Nodes : 7  ---  Backtracks : 7  ---  Iteration time : 0.002
Bound : 30.66  ---  Nodes : 15  ---  Backtracks : 15  ---  Iteration time : 0.004
Bound : 32.4  ---  Nodes : 48  ---  Backtracks : 48  ---  Iteration time : 0.016
Bound : 34.14  ---  Nodes : 65  ---  Backtracks : 65  ---  Iteration time : 0.025
Bound : 35.88  ---  Nodes : 115  ---  Backtracks : 115  ---  Iteration time : 0.046
Bound : 37.62  ---  Nodes : 357  ---  Backtracks : 357  ---  Iteration time : 0.142
Bound : 39.36  ---  Nodes : 967  ---  Backtracks : 967  ---  Iteration time : 0.449
Bound : 41.1  ---  Nodes : 1277  ---  Backtracks : 1266  ---  Iteration time : 0.686
Bound : 40.18  ---  Nodes : 1805  ---  Backtracks : 1805  ---  Iteration time : 0.907
Bound : 40.59  ---  Nodes : 2078  ---  Backtracks : 2078  ---  Iteration time : 1.005
Bound : 40.8  ---  Nodes : 1835  ---  Backtracks : 1835  ---  Iteration time : 0.952
Bound : 40.9  ---  Nodes : 1903  ---  Backtracks : 1903  ---  Iteration time : 0.944
Bound : 40.95  ---  Nodes : 1841  ---  Backtracks : 1841  ---  Iteration time : 0.935
Bound : 40.98  ---  Nodes : 1974  ---  Backtracks : 1974  ---  Iteration time : 0.965
Bound : 40.99  ---  Nodes : 2036  ---  Backtracks : 2036  ---  Iteration time : 1.008

0.00: (up robot2 tile_0-2 tile_1-2) [3] [3]
0.01: (right robot1 tile_0-3 tile_0-4) [1] [6]
1.02: (up robot1 tile_0-4 tile_1-4) [3] [3]
3.03: (up robot2 tile_1-2 tile_2-2) [3] [3]
4.04: (up robot1 tile_1-4 tile_2-4) [3] [3]
6.05: (up robot2 tile_2-2 tile_3-2) [3] [3]
7.06: (up robot1 tile_2-4 tile_3-4) [3] [3]
9.07: (right robot2 tile_3-2 tile_3-3) [1] [6]
10.08: (paint-up robot2 tile_4-3 tile_3-3 black) [2] [4]
10.09: (paint-up robot1 tile_4-4 tile_3-4 white) [2] [4]
12.10: (left robot2 tile_3-3 tile_3-2) [1] [6]
13.11: (left robot2 tile_3-2 tile_3-1) [1] [6]
13.12: (left robot1 tile_3-4 tile_3-3) [1] [6]
14.13: (left robot1 tile_3-3 tile_3-2) [1] [6]
14.14: (paint-up robot2 tile_4-1 tile_3-1 black) [2] [4]
15.15: (paint-up robot1 tile_4-2 tile_3-2 white) [2] [4]
16.16: (down robot2 tile_3-1 tile_2-1) [1] [6]
17.17: (left robot1 tile_3-2 tile_3-1) [1] [6]
17.18: (right robot2 tile_2-1 tile_2-2) [1] [6]
18.19: (down robot1 tile_3-1 tile_2-1) [1] [6]
18.20: (paint-up robot2 tile_3-2 tile_2-2 black) [2] [4]
19.21: (paint-up robot1 tile_3-1 tile_2-1 white) [2] [4]
20.22: (right robot2 tile_2-2 tile_2-3) [1] [6]
21.23: (right robot1 tile_2-1 tile_2-2) [1] [6]
21.24: (right robot2 tile_2-3 tile_2-4) [1] [6]
22.25: (paint-up robot2 tile_3-4 tile_2-4 black) [2] [4]
22.26: (right robot1 tile_2-2 tile_2-3) [1] [6]
23.27: (paint-up robot1 tile_3-3 tile_2-3 white) [2] [4]
24.28: (down robot2 tile_2-4 tile_1-4) [1] [6]
25.29: (right robot1 tile_2-3 tile_2-4) [1] [6]
25.30: (left robot2 tile_1-4 tile_1-3) [1] [6]
26.31: (down robot1 tile_2-4 tile_1-4) [1] [6]
26.32: (paint-up robot2 tile_2-3 tile_1-3 black) [2] [4]
27.33: (paint-up robot1 tile_2-4 tile_1-4 white) [2] [4]
28.34: (left robot2 tile_1-3 tile_1-2) [1] [6]
29.35: (left robot1 tile_1-4 tile_1-3) [1] [6]
29.36: (left robot2 tile_1-2 tile_1-1) [1] [6]
30.37: (left robot1 tile_1-3 tile_1-2) [1] [6]
30.38: (paint-up robot2 tile_2-1 tile_1-1 black) [2] [4]
31.39: (paint-up robot1 tile_2-2 tile_1-2 white) [2] [4]
32.40: (down robot2 tile_1-1 tile_0-1) [1] [6]
33.41: (right robot2 tile_0-1 tile_0-2) [1] [6]
33.42: (left robot1 tile_1-2 tile_1-1) [1] [6]
34.43: (down robot1 tile_1-1 tile_0-1) [1] [6]
34.44: (paint-up robot2 tile_1-2 tile_0-2 black) [2] [4]
35.45: (paint-up robot1 tile_1-1 tile_0-1 white) [2] [4]
36.46: (right robot2 tile_0-2 tile_0-3) [1] [6]
37.47: (right robot2 tile_0-3 tile_0-4) [1] [6]
37.48: (right robot1 tile_0-1 tile_0-2) [1] [6]
38.49: (right robot1 tile_0-2 tile_0-3) [1] [6]
38.50: (paint-up robot2 tile_1-4 tile_0-4 black) [2] [4]
39.51: (paint-up robot1 tile_1-3 tile_0-3 white) [2] [4]

Makespan : 41
Total cost : 2.62
Length : 52
Nodes : 16329
Backtracks : 16318
Support choices : 5286
Conflict choices : 11043
Mutex choices : 0
Start time choices : 0
World size : 200K
Nodes/sec : 2017.114
Search us time : 8.095
Search wc time : 8.107
Total us time : 8.120
Total wc time : 8.138

[/home/saveant/TGV/DESCARWIN/dae/descarwin/trunk/experiments/MultiObjective/Examples/IPC7/domains/multi-sat/floortile]louis08.fr.trt.thales>^Dexit

Script done on Mon 14 Jan 2013 01:42:54 PM CET
