Script started on Mon 14 Jan 2013 01:42:30 PM CET
[/home/saveant/TGV/DESCARWIN/dae/descarwin/trunk/experiments/MultiObjective/Examples/IPC7/domains/multi-sat/floortile]louis08.fr.trt.thales>cpt_yahsp -C 100 -W -K0.01,0.01 -o domain/domain-sub.pddl  -f problems/pfile8.pddl 
number of last conflicts : 100
enable wdeg
temporal precision : 0.01,0.01
domain file : domain/domain-sub.pddl
problem file : problems/pfile8.pddl

Parsing domain.................... done : 0.001          
Parsing problem................... done : 0.001          
domain : floor-tile
problem : pfile8
Instantiating operators........... done : 0.003          
Creating initial structures....... done : 0.000          
Computing bound................... done : 0.000          
Computing e-deleters.............. done : 0.001          
Finalizing e-deleters............. done : 0.001          
Refreshing structures............. done : 0.002          
Computing distances............... done : 0.005          
Finalizing structures............. done : 0.000          
Variables creation................ done : 0.005          
Bad supporters.................... done : 0.005          
Distance boosting................. done : 0.000          
Initial propagations.............. done : 0.002          

Problem : 186 actions, 80 fluents, 436 causals
          22 init facts, 16 goals

Bound : 10  ---  Nodes : 0  ---  Backtracks : 0  ---  Iteration time : 0.000
Bound : 11.74  ---  Nodes : 0  ---  Backtracks : 0  ---  Iteration time : 0.000
Bound : 13.48  ---  Nodes : 0  ---  Backtracks : 0  ---  Iteration time : 0.000
Bound : 15.22  ---  Nodes : 0  ---  Backtracks : 0  ---  Iteration time : 0.001
Bound : 16.96  ---  Nodes : 1  ---  Backtracks : 1  ---  Iteration time : 0.001
Bound : 18.7  ---  Nodes : 1  ---  Backtracks : 1  ---  Iteration time : 0.001
Bound : 20.44  ---  Nodes : 3  ---  Backtracks : 3  ---  Iteration time : 0.001
Bound : 22.18  ---  Nodes : 10  ---  Backtracks : 10  ---  Iteration time : 0.004
Bound : 23.92  ---  Nodes : 17  ---  Backtracks : 17  ---  Iteration time : 0.007
Bound : 25.66  ---  Nodes : 52  ---  Backtracks : 52  ---  Iteration time : 0.020
Bound : 27.4  ---  Nodes : 77  ---  Backtracks : 77  ---  Iteration time : 0.034
Bound : 29.14  ---  Nodes : 307  ---  Backtracks : 307  ---  Iteration time : 0.135
Bound : 30.88  ---  Nodes : 438  ---  Backtracks : 438  ---  Iteration time : 0.185
Bound : 32.62  ---  Nodes : 258  ---  Backtracks : 244  ---  Iteration time : 0.148
Bound : 31.44  ---  Nodes : 678  ---  Backtracks : 678  ---  Iteration time : 0.341
Bound : 31.72  ---  Nodes : 575  ---  Backtracks : 575  ---  Iteration time : 0.295
Bound : 31.86  ---  Nodes : 651  ---  Backtracks : 651  ---  Iteration time : 0.322
Bound : 31.93  ---  Nodes : 614  ---  Backtracks : 614  ---  Iteration time : 0.310
Bound : 31.97  ---  Nodes : 551  ---  Backtracks : 551  ---  Iteration time : 0.284
Bound : 31.99  ---  Nodes : 749  ---  Backtracks : 749  ---  Iteration time : 0.359

0.00: (down robot2 tile_4-1 tile_3-1) [1] [6]
0.01: (down robot1 tile_4-2 tile_3-2) [1] [6]
1.02: (paint-up robot2 tile_4-1 tile_3-1 black) [2] [4]
1.03: (paint-up robot1 tile_4-2 tile_3-2 white) [2] [4]
3.04: (right robot1 tile_3-2 tile_3-3) [1] [6]
4.05: (right robot1 tile_3-3 tile_3-4) [1] [6]
4.06: (right robot2 tile_3-1 tile_3-2) [1] [6]
5.07: (paint-up robot1 tile_4-4 tile_3-4 white) [2] [4]
5.08: (right robot2 tile_3-2 tile_3-3) [1] [6]
6.09: (paint-up robot2 tile_4-3 tile_3-3 black) [2] [4]
7.10: (down robot1 tile_3-4 tile_2-4) [1] [6]
8.11: (right robot2 tile_3-3 tile_3-4) [1] [6]
8.12: (left robot1 tile_2-4 tile_2-3) [1] [6]
9.13: (paint-up robot1 tile_3-3 tile_2-3 white) [2] [4]
9.14: (down robot2 tile_3-4 tile_2-4) [1] [6]
10.15: (paint-up robot2 tile_3-4 tile_2-4 black) [2] [4]
11.16: (left robot1 tile_2-3 tile_2-2) [1] [6]
12.17: (left robot2 tile_2-4 tile_2-3) [1] [6]
12.18: (left robot1 tile_2-2 tile_2-1) [1] [6]
13.19: (paint-up robot1 tile_3-1 tile_2-1 white) [2] [4]
13.20: (left robot2 tile_2-3 tile_2-2) [1] [6]
14.21: (paint-up robot2 tile_3-2 tile_2-2 black) [2] [4]
15.22: (down robot1 tile_2-1 tile_1-1) [1] [6]
16.23: (right robot1 tile_1-1 tile_1-2) [1] [6]
16.24: (left robot2 tile_2-2 tile_2-1) [1] [6]
17.25: (down robot2 tile_2-1 tile_1-1) [1] [6]
17.26: (paint-up robot1 tile_2-2 tile_1-2 white) [2] [4]
18.27: (paint-up robot2 tile_2-1 tile_1-1 black) [2] [4]
19.28: (right robot1 tile_1-2 tile_1-3) [1] [6]
20.29: (right robot1 tile_1-3 tile_1-4) [1] [6]
20.30: (right robot2 tile_1-1 tile_1-2) [1] [6]
21.31: (paint-up robot1 tile_2-4 tile_1-4 white) [2] [4]
21.32: (right robot2 tile_1-2 tile_1-3) [1] [6]
22.33: (paint-up robot2 tile_2-3 tile_1-3 black) [2] [4]
23.34: (down robot1 tile_1-4 tile_0-4) [1] [6]
24.35: (right robot2 tile_1-3 tile_1-4) [1] [6]
24.36: (left robot1 tile_0-4 tile_0-3) [1] [6]
25.37: (down robot2 tile_1-4 tile_0-4) [1] [6]
25.38: (paint-up robot1 tile_1-3 tile_0-3 white) [2] [4]
26.39: (paint-up robot2 tile_1-4 tile_0-4 black) [2] [4]
27.40: (left robot1 tile_0-3 tile_0-2) [1] [6]
28.41: (left robot1 tile_0-2 tile_0-1) [1] [6]
28.42: (left robot2 tile_0-4 tile_0-3) [1] [6]
29.43: (left robot2 tile_0-3 tile_0-2) [1] [6]
29.44: (paint-up robot1 tile_1-1 tile_0-1 white) [2] [4]
30.45: (paint-up robot2 tile_1-2 tile_0-2 black) [2] [4]

Makespan : 32
Total cost : 2.44
Length : 46
Nodes : 4982
Backtracks : 4968
Support choices : 1831
Conflict choices : 3151
Mutex choices : 0
Start time choices : 0
World size : 200K
Nodes/sec : 2032.379
Search us time : 2.451
Search wc time : 2.458
Total us time : 2.476
Total wc time : 2.489

[/home/saveant/TGV/DESCARWIN/dae/descarwin/trunk/experiments/MultiObjective/Examples/IPC7/domains/multi-sat/floortile]louis08.fr.trt.thales>^Dexit

Script done on Mon 14 Jan 2013 01:42:37 PM CET
