This is pdfTeXk, Version 3.141592-1.40.3 (Web2C 7.5.6) (format=pdflatex 2010.4.20)  3 FEB 2011 09:09
entering extended mode
 %&-line parsing enabled.
**ipc2011
(./ipc2011.tex
LaTeX2e <2005/12/01>
Babel <v3.8h> and hyphenation patterns for english, usenglishmax, dumylang, noh
yphenation, arabic, farsi, croatian, ukrainian, russian, bulgarian, czech, slov
ak, danish, dutch, finnish, basque, french, german, ngerman, ibycus, greek, mon
ogreek, ancientgreek, hungarian, italian, latin, mongolian, norsk, icelandic, i
nterlingua, turkish, coptic, romanian, welsh, serbian, slovenian, estonian, esp
eranto, uppersorbian, indonesian, polish, portuguese, spanish, catalan, galicia
n, swedish, ukenglish, pinyin, loaded.
(/usr/share/texmf-texlive/tex/latex/base/article.cls
Document Class: article 2005/09/16 v1.4f Standard LaTeX document class
(/usr/share/texmf-texlive/tex/latex/base/size10.clo
File: size10.clo 2005/09/16 v1.4f Standard LaTeX file (size option)
)
\c@part=\count79
\c@section=\count80
\c@subsection=\count81
\c@subsubsection=\count82
\c@paragraph=\count83
\c@subparagraph=\count84
\c@figure=\count85
\c@table=\count86
\abovecaptionskip=\skip41
\belowcaptionskip=\skip42
\bibindent=\dimen102
)
(/usr/share/texmf-texlive/tex/latex/ltxmisc/url.sty
\Urlmuskip=\muskip10
Package: url 2005/06/27  ver 3.2  Verb mode for urls, etc.
) (./aaai.sty
Conference Style for AAAI for LaTeX 2e -- version of 7 March 2010
\titlebox=\skip43
) (./ipc2011.aux)
\openout1 = `ipc2011.aux'.

LaTeX Font Info:    Checking defaults for OML/cmm/m/it on input line 10.
LaTeX Font Info:    ... okay on input line 10.
LaTeX Font Info:    Checking defaults for T1/cmr/m/n on input line 10.
LaTeX Font Info:    ... okay on input line 10.
LaTeX Font Info:    Checking defaults for OT1/cmr/m/n on input line 10.
LaTeX Font Info:    ... okay on input line 10.
LaTeX Font Info:    Checking defaults for OMS/cmsy/m/n on input line 10.
LaTeX Font Info:    ... okay on input line 10.
LaTeX Font Info:    Checking defaults for OMX/cmex/m/n on input line 10.
LaTeX Font Info:    ... okay on input line 10.
LaTeX Font Info:    Checking defaults for U/cmr/m/n on input line 10.
LaTeX Font Info:    ... okay on input line 10.
LaTeX Font Info:    External font `cmex10' loaded for size
(Font)              <7> on input line 25.
LaTeX Font Info:    External font `cmex10' loaded for size
(Font)              <5> on input line 25.
LaTeX Font Info:    External font `cmex10' loaded for size
(Font)              <12> on input line 25.
LaTeX Font Info:    External font `cmex10' loaded for size
(Font)              <8> on input line 25.
LaTeX Font Info:    External font `cmex10' loaded for size
(Font)              <6> on input line 25.

Overfull \vbox (31.25797pt too high) detected at line 25
 []

LaTeX Font Info:    Try loading font information for OMS+cmr on input line 25.
(/usr/share/texmf-texlive/tex/latex/base/omscmr.fd
File: omscmr.fd 1999/05/25 v2.5h Standard LaTeX font definitions
)
LaTeX Font Info:    Font shape `OMS/cmr/m/n' in size <9> not available
(Font)              Font shape `OMS/cmsy/m/n' tried instead on input line 25.


LaTeX Warning: Reference `Montero:2010' on page 1 undefined on input line 33.


LaTeX Warning: Reference `bibai:2009' on page 1 undefined on input line 33.


LaTeX Warning: Reference `Nannen07' on page 1 undefined on input line 33.


Underfull \vbox (badness 10000) has occurred while \output is active []

 [1{/var/lib/texmf/fonts/map/pdftex/updmap/pdftex.map}



] [2]
Underfull \hbox (badness 1377) in paragraph at lines 69--70
[]\OT1/cmr/m/n/10 We will now de-scribe its main com-po-nents: the
 []

LaTeX Font Info:    External font `cmex10' loaded for size
(Font)              <9> on input line 79.
[3] [4]

LaTeX Warning: Reference `hansen2001ecj' on page 5 undefined on input line 132.



LaTeX Warning: Reference `section:competition' on page 5 undefined on input lin
e 132.


LaTeX Warning: Reference `hansen2009tec' on page 5 undefined on input line 138.



LaTeX Warning: Reference `shark08' on page 5 undefined on input line 140.


LaTeX Warning: Reference `nissen' on page 5 undefined on input line 140.

(./ipc2011.bbl [5]
Underfull \hbox (badness 3396) in paragraph at lines 116--122
\OT1/cmr/m/n/10 Divide-and-Evolve: a New Memetic Scheme for
 []

) [6] (./ipc2011.aux)

LaTeX Warning: There were undefined references.

 ) 
Here is how much of TeX's memory you used:
 412 strings out of 94074
 4722 string characters out of 1165153
 55710 words of memory out of 1500000
 3751 multiletter control sequences out of 10000+50000
 10869 words of font info for 38 fonts, out of 1200000 for 2000
 645 hyphenation exceptions out of 8191
 23i,11n,19p,1291b,251s stack positions out of 5000i,500n,6000p,200000b,5000s
</usr/share/texmf-texlive/fonts/type1/bluesky/cm/cmbx10.pfb></usr/share/texmf
-texlive/fonts/type1/bluesky/cm/cmbx12.pfb></usr/share/texmf-texlive/fonts/type
1/bluesky/cm/cmmi10.pfb></usr/share/texmf-texlive/fonts/type1/bluesky/cm/cmmi7.
pfb></usr/share/texmf-texlive/fonts/type1/bluesky/cm/cmr10.pfb></usr/share/texm
f-texlive/fonts/type1/bluesky/cm/cmr6.pfb></usr/share/texmf-texlive/fonts/type1
/bluesky/cm/cmr7.pfb></usr/share/texmf-texlive/fonts/type1/bluesky/cm/cmr8.pfb>
</usr/share/texmf-texlive/fonts/type1/bluesky/cm/cmr9.pfb></usr/share/texmf-tex
live/fonts/type1/bluesky/cm/cmsy10.pfb></usr/share/texmf-texlive/fonts/type1/bl
uesky/cm/cmsy9.pfb></usr/share/texmf-texlive/fonts/type1/bluesky/cm/cmti10.pfb>
</usr/share/texmf-texlive/fonts/type1/bluesky/cm/cmtt10.pfb>
Output written on ipc2011.pdf (6 pages, 118330 bytes).
PDF statistics:
 73 PDF objects out of 1000 (max. 8388607)
 0 named destinations out of 1000 (max. 131072)
 1 words of extra memory for PDF output out of 10000 (max. 10000000)

