Script started on Mon 14 Jan 2013 01:40:37 PM CET
[/home/saveant/TGV/DESCARWIN/dae/descarwin/trunk/experiments/MultiObjective/Examples/IPC7/domains/multi-sat/floortile]trtp0759>cpt_yahsp -C 100 -W -K0.01,0.01 -o domain/domain-sub.pddl -f problems/ pfile4.pddl
number of last conflicts : 100
enable wdeg
temporal precision : 0.01,0.01
domain file : domain/domain-sub.pddl
problem file : problems/pfile4.pddl

Parsing domain.................... done : 0.001          
Parsing problem................... done : 0.001          
domain : floor-tile
problem : pfile4
Instantiating operators........... done : 0.002          
Creating initial structures....... done : 0.000          
Computing bound................... done : 0.000          
Computing e-deleters.............. done : 0.001          
Finalizing e-deleters............. done : 0.000          
Refreshing structures............. done : 0.001          
Computing distances............... done : 0.002          
Finalizing structures............. done : 0.000          
Variables creation................ done : 0.008          
Bad supporters.................... done : 0.003          
Distance boosting................. done : 0.000          
Initial propagations.............. done : 0.001          

Problem : 104 actions, 49 fluents, 239 causals
          14 init facts, 9 goals

Bound : 8  ---  Nodes : 0  ---  Backtracks : 0  ---  Iteration time : 0.000
Bound : 9.81  ---  Nodes : 0  ---  Backtracks : 0  ---  Iteration time : 0.000
Bound : 11.62  ---  Nodes : 0  ---  Backtracks : 0  ---  Iteration time : 0.000
Bound : 13.43  ---  Nodes : 1  ---  Backtracks : 1  ---  Iteration time : 0.001
Bound : 15.24  ---  Nodes : 2  ---  Backtracks : 2  ---  Iteration time : 0.001
Bound : 17.05  ---  Nodes : 5  ---  Backtracks : 5  ---  Iteration time : 0.003
Bound : 18.86  ---  Nodes : 10  ---  Backtracks : 10  ---  Iteration time : 0.004
Bound : 20.67  ---  Nodes : 25  ---  Backtracks : 25  ---  Iteration time : 0.010
Bound : 22.48  ---  Nodes : 16  ---  Backtracks : 7  ---  Iteration time : 0.007
Bound : 21.34  ---  Nodes : 33  ---  Backtracks : 33  ---  Iteration time : 0.017
Bound : 21.67  ---  Nodes : 35  ---  Backtracks : 35  ---  Iteration time : 0.016
Bound : 21.84  ---  Nodes : 40  ---  Backtracks : 40  ---  Iteration time : 0.017
Bound : 21.92  ---  Nodes : 36  ---  Backtracks : 36  ---  Iteration time : 0.015
Bound : 21.96  ---  Nodes : 35  ---  Backtracks : 35  ---  Iteration time : 0.017
Bound : 21.98  ---  Nodes : 38  ---  Backtracks : 38  ---  Iteration time : 0.016
Bound : 21.99  ---  Nodes : 38  ---  Backtracks : 38  ---  Iteration time : 0.016

0.00: (left robot2 tile_1-2 tile_1-1) [1] [6]
0.01: (down robot1 tile_3-1 tile_2-1) [1] [6]
1.02: (paint-up robot1 tile_3-1 tile_2-1 white) [2] [4]
3.03: (right robot1 tile_2-1 tile_2-2) [1] [6]
4.04: (right robot1 tile_2-2 tile_2-3) [1] [6]
4.05: (up robot2 tile_1-1 tile_2-1) [3] [3]
5.06: (paint-up robot1 tile_3-3 tile_2-3 white) [2] [4]
7.07: (right robot2 tile_2-1 tile_2-2) [1] [6]
7.08: (down robot1 tile_2-3 tile_1-3) [1] [6]
8.09: (paint-up robot2 tile_3-2 tile_2-2 black) [2] [4]
8.10: (left robot1 tile_1-3 tile_1-2) [1] [6]
10.11: (left robot2 tile_2-2 tile_2-1) [1] [6]
11.12: (paint-up robot1 tile_2-2 tile_1-2 white) [2] [4]
11.13: (down robot2 tile_2-1 tile_1-1) [1] [6]
12.14: (paint-up robot2 tile_2-1 tile_1-1 black) [2] [4]
13.15: (down robot1 tile_1-2 tile_0-2) [1] [6]
14.16: (right robot2 tile_1-1 tile_1-2) [1] [6]
14.17: (left robot1 tile_0-2 tile_0-1) [1] [6]
15.18: (right robot2 tile_1-2 tile_1-3) [1] [6]
15.19: (paint-up robot1 tile_1-1 tile_0-1 white) [2] [4]
16.20: (paint-up robot2 tile_2-3 tile_1-3 black) [2] [4]
17.21: (right robot1 tile_0-1 tile_0-2) [1] [6]
18.22: (left robot2 tile_1-3 tile_1-2) [1] [6]
18.23: (right robot1 tile_0-2 tile_0-3) [1] [6]
19.24: (down robot2 tile_1-2 tile_0-2) [1] [6]
19.25: (paint-up robot1 tile_1-3 tile_0-3 white) [2] [4]
20.26: (paint-up robot2 tile_1-2 tile_0-2 black) [2] [4]

Makespan : 22
Total cost : 1.41
Length : 27
Nodes : 314
Backtracks : 305
Support choices : 153
Conflict choices : 161
Mutex choices : 0
Start time choices : 0
World size : 100K
Nodes/sec : 2211.312
Search us time : 0.142
Search wc time : 0.142
Total us time : 0.165
Total wc time : 0.176

[/home/saveant/TGV/DESCARWIN/dae/descarwin/trunk/experiments/MultiObjective/Examples/IPC7/domains/multi-sat/floortile]trtp0759>^Dexit

Script done on Mon 14 Jan 2013 01:40:46 PM CET
