Script started on Mon 14 Jan 2013 01:42:07 PM CET
[/home/saveant/TGV/DESCARWIN/dae/descarwin/trunk/experiments/MultiObjective/Examples/IPC7/domains/multi-sat/floortile]louis08.fr.trt.thales>cpt_yahsp -C 100 -W -K0.01,0.01 -o domain/domain-sub.pddl  -f problems/pfile7.pddl 
number of last conflicts : 100
enable wdeg
temporal precision : 0.01,0.01
domain file : domain/domain-sub.pddl
problem file : problems/pfile7.pddl

Parsing domain.................... done : 0.001          
Parsing problem................... done : 0.001          
domain : floor-tile
problem : pfile7
Instantiating operators........... done : 0.002          
Creating initial structures....... done : 0.000          
Computing bound................... done : 0.000          
Computing e-deleters.............. done : 0.001          
Finalizing e-deleters............. done : 0.001          
Refreshing structures............. done : 0.002          
Computing distances............... done : 0.005          
Finalizing structures............. done : 0.000          
Variables creation................ done : 0.005          
Bad supporters.................... done : 0.005          
Distance boosting................. done : 0.000          
Initial propagations.............. done : 0.002          

Problem : 186 actions, 80 fluents, 436 causals
          22 init facts, 16 goals

Bound : 10  ---  Nodes : 0  ---  Backtracks : 0  ---  Iteration time : 0.000
Bound : 11.74  ---  Nodes : 0  ---  Backtracks : 0  ---  Iteration time : 0.000
Bound : 13.48  ---  Nodes : 0  ---  Backtracks : 0  ---  Iteration time : 0.000
Bound : 15.22  ---  Nodes : 0  ---  Backtracks : 0  ---  Iteration time : 0.000
Bound : 16.96  ---  Nodes : 0  ---  Backtracks : 0  ---  Iteration time : 0.000
Bound : 18.7  ---  Nodes : 0  ---  Backtracks : 0  ---  Iteration time : 0.000
Bound : 20.44  ---  Nodes : 0  ---  Backtracks : 0  ---  Iteration time : 0.000
Bound : 22.18  ---  Nodes : 0  ---  Backtracks : 0  ---  Iteration time : 0.001
Bound : 23.92  ---  Nodes : 3  ---  Backtracks : 3  ---  Iteration time : 0.001
Bound : 25.66  ---  Nodes : 6  ---  Backtracks : 6  ---  Iteration time : 0.002
Bound : 27.4  ---  Nodes : 21  ---  Backtracks : 21  ---  Iteration time : 0.006
Bound : 29.14  ---  Nodes : 22  ---  Backtracks : 22  ---  Iteration time : 0.008
Bound : 30.88  ---  Nodes : 49  ---  Backtracks : 49  ---  Iteration time : 0.016
Bound : 32.62  ---  Nodes : 92  ---  Backtracks : 92  ---  Iteration time : 0.039
Bound : 34.36  ---  Nodes : 264  ---  Backtracks : 264  ---  Iteration time : 0.113
Bound : 36.1  ---  Nodes : 885  ---  Backtracks : 885  ---  Iteration time : 0.431
Bound : 37.84  ---  Nodes : 1797  ---  Backtracks : 1797  ---  Iteration time : 0.895
Bound : 39.58  ---  Nodes : 1139  ---  Backtracks : 1125  ---  Iteration time : 0.635
Bound : 38.42  ---  Nodes : 2818  ---  Backtracks : 2818  ---  Iteration time : 1.407
Bound : 38.71  ---  Nodes : 3746  ---  Backtracks : 3746  ---  Iteration time : 1.796
Bound : 38.86  ---  Nodes : 3294  ---  Backtracks : 3294  ---  Iteration time : 1.613
Bound : 38.93  ---  Nodes : 2743  ---  Backtracks : 2743  ---  Iteration time : 1.349
Bound : 38.97  ---  Nodes : 3192  ---  Backtracks : 3192  ---  Iteration time : 1.611
Bound : 38.99  ---  Nodes : 2903  ---  Backtracks : 2903  ---  Iteration time : 1.469

0.00: (change-color robot1 white black) [5] [1]
0.01: (change-color robot2 black white) [5] [1]
0.02: (up robot1 tile_0-1 tile_1-1) [3] [3]
0.03: (up robot2 tile_2-3 tile_3-3) [3] [3]
3.04: (up robot2 tile_3-3 tile_4-3) [3] [3]
3.05: (up robot1 tile_1-1 tile_2-1) [3] [3]
6.06: (up robot1 tile_2-1 tile_3-1) [3] [3]
6.07: (left robot2 tile_4-3 tile_4-2) [1] [6]
7.08: (down robot2 tile_4-2 tile_3-2) [1] [6]
8.09: (paint-up robot2 tile_4-2 tile_3-2 white) [2] [4]
9.10: (paint-up robot1 tile_4-1 tile_3-1 black) [2] [4]
10.11: (right robot2 tile_3-2 tile_3-3) [1] [6]
11.12: (right robot2 tile_3-3 tile_3-4) [1] [6]
11.13: (right robot1 tile_3-1 tile_3-2) [1] [6]
12.14: (paint-up robot2 tile_4-4 tile_3-4 white) [2] [4]
12.15: (right robot1 tile_3-2 tile_3-3) [1] [6]
13.16: (paint-up robot1 tile_4-3 tile_3-3 black) [2] [4]
14.17: (down robot2 tile_3-4 tile_2-4) [1] [6]
15.18: (right robot1 tile_3-3 tile_3-4) [1] [6]
15.19: (left robot2 tile_2-4 tile_2-3) [1] [6]
16.20: (down robot1 tile_3-4 tile_2-4) [1] [6]
16.21: (paint-up robot2 tile_3-3 tile_2-3 white) [2] [4]
17.22: (paint-up robot1 tile_3-4 tile_2-4 black) [2] [4]
18.23: (left robot2 tile_2-3 tile_2-2) [1] [6]
19.24: (left robot1 tile_2-4 tile_2-3) [1] [6]
19.25: (left robot2 tile_2-2 tile_2-1) [1] [6]
20.26: (left robot1 tile_2-3 tile_2-2) [1] [6]
20.27: (paint-up robot2 tile_3-1 tile_2-1 white) [2] [4]
21.28: (paint-up robot1 tile_3-2 tile_2-2 black) [2] [4]
22.29: (down robot2 tile_2-1 tile_1-1) [1] [6]
23.30: (right robot2 tile_1-1 tile_1-2) [1] [6]
23.31: (left robot1 tile_2-2 tile_2-1) [1] [6]
24.32: (down robot1 tile_2-1 tile_1-1) [1] [6]
24.33: (paint-up robot2 tile_2-2 tile_1-2 white) [2] [4]
25.34: (paint-up robot1 tile_2-1 tile_1-1 black) [2] [4]
26.35: (right robot2 tile_1-2 tile_1-3) [1] [6]
27.36: (right robot1 tile_1-1 tile_1-2) [1] [6]
27.37: (right robot2 tile_1-3 tile_1-4) [1] [6]
28.38: (paint-up robot2 tile_2-4 tile_1-4 white) [2] [4]
28.39: (right robot1 tile_1-2 tile_1-3) [1] [6]
29.40: (paint-up robot1 tile_2-3 tile_1-3 black) [2] [4]
30.41: (down robot2 tile_1-4 tile_0-4) [1] [6]
31.42: (right robot1 tile_1-3 tile_1-4) [1] [6]
31.43: (left robot2 tile_0-4 tile_0-3) [1] [6]
32.44: (paint-up robot2 tile_1-3 tile_0-3 white) [2] [4]
32.45: (down robot1 tile_1-4 tile_0-4) [1] [6]
33.46: (paint-up robot1 tile_1-4 tile_0-4 black) [2] [4]
34.47: (left robot2 tile_0-3 tile_0-2) [1] [6]
35.48: (left robot1 tile_0-4 tile_0-3) [1] [6]
35.49: (left robot2 tile_0-2 tile_0-1) [1] [6]
36.50: (paint-up robot2 tile_1-1 tile_0-1 white) [2] [4]
36.51: (left robot1 tile_0-3 tile_0-2) [1] [6]
37.52: (paint-up robot1 tile_1-2 tile_0-2 black) [2] [4]

Makespan : 39
Total cost : 2.61
Length : 53
Nodes : 22974
Backtracks : 22960
Support choices : 7105
Conflict choices : 15869
Mutex choices : 0
Start time choices : 0
World size : 200K
Nodes/sec : 2015.892
Search us time : 11.396
Search wc time : 11.409
Total us time : 11.422
Total wc time : 11.461

[/home/saveant/TGV/DESCARWIN/dae/descarwin/trunk/experiments/MultiObjective/Examples/IPC7/domains/multi-sat/floortile]louis08.fr.trt.thales>^Dexit

Script done on Mon 14 Jan 2013 01:42:24 PM CET
