Script started on Mon 14 Jan 2013 01:41:49 PM CET
[/home/saveant/TGV/DESCARWIN/dae/descarwin/trunk/experiments/MultiObjective/Examples/IPC7/domains/multi-sat/floortile]louis08.fr.trt.thales>cpt_yahsp -C 100 -W -K0.01,0.01 -o domain/domain-sub.pddl  -f problems/pfile6.pddl 
number of last conflicts : 100
enable wdeg
temporal precision : 0.01,0.01
domain file : domain/domain-sub.pddl
problem file : problems/pfile6.pddl

Parsing domain.................... done : 0.001          
Parsing problem................... done : 0.000          
domain : floor-tile
problem : pfile6
Instantiating operators........... done : 0.002          
Creating initial structures....... done : 0.000          
Computing bound................... done : 0.000          
Computing e-deleters.............. done : 0.001          
Finalizing e-deleters............. done : 0.001          
Refreshing structures............. done : 0.002          
Computing distances............... done : 0.005          
Finalizing structures............. done : 0.000          
Variables creation................ done : 0.005          
Bad supporters.................... done : 0.005          
Distance boosting................. done : 0.000          
Initial propagations.............. done : 0.002          

Problem : 186 actions, 80 fluents, 436 causals
          22 init facts, 16 goals

Bound : 11  ---  Nodes : 0  ---  Backtracks : 0  ---  Iteration time : 0.000
Bound : 12.74  ---  Nodes : 0  ---  Backtracks : 0  ---  Iteration time : 0.000
Bound : 14.48  ---  Nodes : 0  ---  Backtracks : 0  ---  Iteration time : 0.000
Bound : 16.22  ---  Nodes : 0  ---  Backtracks : 0  ---  Iteration time : 0.000
Bound : 17.96  ---  Nodes : 0  ---  Backtracks : 0  ---  Iteration time : 0.000
Bound : 19.7  ---  Nodes : 1  ---  Backtracks : 1  ---  Iteration time : 0.001
Bound : 21.44  ---  Nodes : 2  ---  Backtracks : 2  ---  Iteration time : 0.001
Bound : 23.18  ---  Nodes : 6  ---  Backtracks : 6  ---  Iteration time : 0.002
Bound : 24.92  ---  Nodes : 7  ---  Backtracks : 7  ---  Iteration time : 0.003
Bound : 26.66  ---  Nodes : 16  ---  Backtracks : 16  ---  Iteration time : 0.006
Bound : 28.4  ---  Nodes : 35  ---  Backtracks : 35  ---  Iteration time : 0.012
Bound : 30.14  ---  Nodes : 99  ---  Backtracks : 99  ---  Iteration time : 0.033
Bound : 31.88  ---  Nodes : 180  ---  Backtracks : 180  ---  Iteration time : 0.058
Bound : 33.62  ---  Nodes : 239  ---  Backtracks : 239  ---  Iteration time : 0.107
Bound : 35.36  ---  Nodes : 841  ---  Backtracks : 841  ---  Iteration time : 0.405
Bound : 37.1  ---  Nodes : 1055  ---  Backtracks : 1045  ---  Iteration time : 0.564
Bound : 36.18  ---  Nodes : 1803  ---  Backtracks : 1803  ---  Iteration time : 0.895
Bound : 36.59  ---  Nodes : 1691  ---  Backtracks : 1691  ---  Iteration time : 0.852
Bound : 36.8  ---  Nodes : 2110  ---  Backtracks : 2110  ---  Iteration time : 1.039
Bound : 36.9  ---  Nodes : 2035  ---  Backtracks : 2035  ---  Iteration time : 0.995
Bound : 36.95  ---  Nodes : 1737  ---  Backtracks : 1737  ---  Iteration time : 0.872
Bound : 36.98  ---  Nodes : 1962  ---  Backtracks : 1962  ---  Iteration time : 0.958
Bound : 36.99  ---  Nodes : 1815  ---  Backtracks : 1815  ---  Iteration time : 0.907

0.00: (up robot1 tile_2-1 tile_3-1) [3] [3]
0.01: (up robot2 tile_1-2 tile_2-2) [3] [3]
3.02: (left robot2 tile_2-2 tile_2-1) [1] [6]
3.03: (right robot1 tile_3-1 tile_3-2) [1] [6]
4.04: (paint-up robot1 tile_4-2 tile_3-2 white) [2] [4]
4.05: (up robot2 tile_2-1 tile_3-1) [3] [3]
6.06: (right robot1 tile_3-2 tile_3-3) [1] [6]
7.07: (paint-up robot2 tile_4-1 tile_3-1 black) [2] [4]
7.08: (right robot1 tile_3-3 tile_3-4) [1] [6]
8.09: (paint-up robot1 tile_4-4 tile_3-4 white) [2] [4]
9.10: (right robot2 tile_3-1 tile_3-2) [1] [6]
10.11: (down robot1 tile_3-4 tile_2-4) [1] [6]
10.12: (right robot2 tile_3-2 tile_3-3) [1] [6]
11.13: (left robot1 tile_2-4 tile_2-3) [1] [6]
11.14: (paint-up robot2 tile_4-3 tile_3-3 black) [2] [4]
13.15: (right robot2 tile_3-3 tile_3-4) [1] [6]
14.16: (paint-up robot1 tile_3-3 tile_2-3 white) [2] [4]
14.17: (down robot2 tile_3-4 tile_2-4) [1] [6]
15.18: (paint-up robot2 tile_3-4 tile_2-4 black) [2] [4]
16.19: (left robot1 tile_2-3 tile_2-2) [1] [6]
17.20: (left robot1 tile_2-2 tile_2-1) [1] [6]
17.21: (left robot2 tile_2-4 tile_2-3) [1] [6]
18.22: (left robot2 tile_2-3 tile_2-2) [1] [6]
18.23: (paint-up robot1 tile_3-1 tile_2-1 white) [2] [4]
19.24: (paint-up robot2 tile_3-2 tile_2-2 black) [2] [4]
20.25: (down robot1 tile_2-1 tile_1-1) [1] [6]
21.26: (right robot1 tile_1-1 tile_1-2) [1] [6]
21.27: (left robot2 tile_2-2 tile_2-1) [1] [6]
22.28: (paint-up robot1 tile_2-2 tile_1-2 white) [2] [4]
22.29: (down robot2 tile_2-1 tile_1-1) [1] [6]
23.30: (paint-up robot2 tile_2-1 tile_1-1 black) [2] [4]
24.31: (right robot1 tile_1-2 tile_1-3) [1] [6]
25.32: (right robot1 tile_1-3 tile_1-4) [1] [6]
25.33: (right robot2 tile_1-1 tile_1-2) [1] [6]
26.34: (right robot2 tile_1-2 tile_1-3) [1] [6]
26.35: (paint-up robot1 tile_2-4 tile_1-4 white) [2] [4]
27.36: (paint-up robot2 tile_2-3 tile_1-3 black) [2] [4]
28.37: (down robot1 tile_1-4 tile_0-4) [1] [6]
29.38: (right robot2 tile_1-3 tile_1-4) [1] [6]
29.39: (left robot1 tile_0-4 tile_0-3) [1] [6]
30.40: (paint-up robot1 tile_1-3 tile_0-3 white) [2] [4]
30.41: (down robot2 tile_1-4 tile_0-4) [1] [6]
31.42: (paint-up robot2 tile_1-4 tile_0-4 black) [2] [4]
32.43: (left robot1 tile_0-3 tile_0-2) [1] [6]
33.44: (left robot2 tile_0-4 tile_0-3) [1] [6]
33.45: (left robot1 tile_0-2 tile_0-1) [1] [6]
34.46: (paint-up robot1 tile_1-1 tile_0-1 white) [2] [4]
34.47: (left robot2 tile_0-3 tile_0-2) [1] [6]
35.48: (paint-up robot2 tile_1-2 tile_0-2 black) [2] [4]

Makespan : 37
Total cost : 2.53
Length : 49
Nodes : 15634
Backtracks : 15624
Support choices : 5241
Conflict choices : 10393
Mutex choices : 0
Start time choices : 0
World size : 200K
Nodes/sec : 2026.595
Search us time : 7.714
Search wc time : 7.722
Total us time : 7.738
Total wc time : 7.751

[/home/saveant/TGV/DESCARWIN/dae/descarwin/trunk/experiments/MultiObjective/Examples/IPC7/domains/multi-sat/floortile]louis08.fr.trt.thales>^Dexit

Script done on Mon 14 Jan 2013 01:42:02 PM CET
