Script started on Mon 14 Jan 2013 01:43:10 PM CET
[/home/saveant/TGV/DESCARWIN/dae/descarwin/trunk/experiments/MultiObjective/Examples/IPC7/domains/multi-sat/floortile]louis08.fr.trt.thales>cpt_yahsp -C 100 -W -K0.01,0.01 -o domain/domain-sub.pddl  -f problems/pfile10.pddl 
number of last conflicts : 100
enable wdeg
temporal precision : 0.01,0.01
domain file : domain/domain-sub.pddl
problem file : problems/pfile10.pddl

Parsing domain.................... done : 0.001          
Parsing problem................... done : 0.001          
domain : floor-tile
problem : pfile10
Instantiating operators........... done : 0.004          
Creating initial structures....... done : 0.001          
Computing bound................... done : 0.000          
Computing e-deleters.............. done : 0.002          
Finalizing e-deleters............. done : 0.001          
Refreshing structures............. done : 0.002          
Computing distances............... done : 0.010          
Finalizing structures............. done : 0.001          
Variables creation................ done : 0.005          
Bad supporters.................... done : 0.011          
Distance boosting................. done : 0.001          
Initial propagations.............. done : 0.004          

Problem : 278 actions, 102 fluents, 646 causals
          23 init facts, 16 goals

Bound : 10  ---  Nodes : 0  ---  Backtracks : 0  ---  Iteration time : 0.001
Bound : 11.74  ---  Nodes : 0  ---  Backtracks : 0  ---  Iteration time : 0.001
Bound : 13.48  ---  Nodes : 0  ---  Backtracks : 0  ---  Iteration time : 0.001
Bound : 15.22  ---  Nodes : 0  ---  Backtracks : 0  ---  Iteration time : 0.001
Bound : 16.96  ---  Nodes : 1  ---  Backtracks : 1  ---  Iteration time : 0.001
Bound : 18.7  ---  Nodes : 3  ---  Backtracks : 3  ---  Iteration time : 0.002
Bound : 20.44  ---  Nodes : 36  ---  Backtracks : 36  ---  Iteration time : 0.016
Bound : 22.18  ---  Nodes : 172  ---  Backtracks : 172  ---  Iteration time : 0.095
Bound : 23.92  ---  Nodes : 576  ---  Backtracks : 576  ---  Iteration time : 0.304
Bound : 25.66  ---  Nodes : 4995  ---  Backtracks : 4995  ---  Iteration time : 3.128
Bound : 27.4  ---  Nodes : 2260  ---  Backtracks : 2244  ---  Iteration time : 1.528
Bound : 26.33  ---  Nodes : 9985  ---  Backtracks : 9985  ---  Iteration time : 6.811
Bound : 26.67  ---  Nodes : 10292  ---  Backtracks : 10292  ---  Iteration time : 6.936
Bound : 26.84  ---  Nodes : 12689  ---  Backtracks : 12689  ---  Iteration time : 8.467
Bound : 26.92  ---  Nodes : 9067  ---  Backtracks : 9067  ---  Iteration time : 6.274
Bound : 26.96  ---  Nodes : 9559  ---  Backtracks : 9559  ---  Iteration time : 6.472
Bound : 26.98  ---  Nodes : 9955  ---  Backtracks : 9955  ---  Iteration time : 6.783
Bound : 26.99  ---  Nodes : 10443  ---  Backtracks : 10443  ---  Iteration time : 7.045

0.00: (change-color robot1 white black) [5] [1]
0.01: (change-color robot2 black white) [5] [1]
0.02: (paint-up robot3 tile_4-2 tile_3-2 white) [2] [4]
0.03: (down robot1 tile_3-3 tile_2-3) [1] [6]
1.04: (left robot1 tile_2-3 tile_2-2) [1] [6]
2.05: (right robot3 tile_3-2 tile_3-3) [1] [6]
2.06: (left robot1 tile_2-2 tile_2-1) [1] [6]
3.07: (up robot1 tile_2-1 tile_3-1) [3] [3]
3.08: (right robot3 tile_3-3 tile_3-4) [1] [6]
4.09: (paint-up robot3 tile_4-4 tile_3-4 white) [2] [4]
6.10: (change-color robot3 white black) [5] [1]
6.11: (paint-up robot1 tile_4-1 tile_3-1 black) [2] [4]
6.12: (up robot2 tile_1-1 tile_2-1) [3] [3]
6.13: (down robot3 tile_3-4 tile_2-4) [1] [6]
8.14: (right robot1 tile_3-1 tile_3-2) [1] [6]
9.15: (right robot1 tile_3-2 tile_3-3) [1] [6]
9.16: (paint-up robot2 tile_3-1 tile_2-1 white) [2] [4]
10.17: (paint-up robot1 tile_4-3 tile_3-3 black) [2] [4]
11.18: (paint-up robot3 tile_3-4 tile_2-4 black) [2] [4]
11.19: (right robot2 tile_2-1 tile_2-2) [1] [6]
12.20: (right robot2 tile_2-2 tile_2-3) [1] [6]
12.21: (left robot1 tile_3-3 tile_3-2) [1] [6]
13.22: (down robot3 tile_2-4 tile_1-4) [1] [6]
13.23: (paint-up robot2 tile_3-3 tile_2-3 white) [2] [4]
13.24: (down robot1 tile_3-2 tile_2-2) [1] [6]
14.25: (paint-up robot1 tile_3-2 tile_2-2 black) [2] [4]
14.26: (left robot3 tile_1-4 tile_1-3) [1] [6]
15.27: (right robot2 tile_2-3 tile_2-4) [1] [6]
16.28: (left robot1 tile_2-2 tile_2-1) [1] [6]
16.29: (paint-up robot3 tile_2-3 tile_1-3 black) [2] [4]
16.30: (down robot2 tile_2-4 tile_1-4) [1] [6]
17.31: (down robot1 tile_2-1 tile_1-1) [1] [6]
17.32: (paint-up robot2 tile_2-4 tile_1-4 white) [2] [4]
18.33: (paint-up robot1 tile_2-1 tile_1-1 black) [2] [4]
18.34: (down robot3 tile_1-3 tile_0-3) [1] [6]
19.35: (right robot3 tile_0-3 tile_0-4) [1] [6]
19.36: (left robot2 tile_1-4 tile_1-3) [1] [6]
20.37: (change-color robot1 black white) [5] [1]
20.38: (left robot2 tile_1-3 tile_1-2) [1] [6]
20.39: (down robot1 tile_1-1 tile_0-1) [1] [6]
20.40: (paint-up robot3 tile_1-4 tile_0-4 black) [2] [4]
21.41: (paint-up robot2 tile_2-2 tile_1-2 white) [2] [4]
22.42: (left robot3 tile_0-4 tile_0-3) [1] [6]
23.43: (left robot3 tile_0-3 tile_0-2) [1] [6]
23.44: (right robot2 tile_1-2 tile_1-3) [1] [6]
24.45: (down robot2 tile_1-3 tile_0-3) [1] [6]
24.46: (paint-up robot3 tile_1-2 tile_0-2 black) [2] [4]
25.47: (paint-up robot1 tile_1-1 tile_0-1 white) [2] [4]
25.48: (paint-up robot2 tile_1-3 tile_0-3 white) [2] [4]

Makespan : 27
Total cost : 2.36
Length : 49
Nodes : 80033
Backtracks : 80017
Support choices : 45374
Conflict choices : 34659
Mutex choices : 0
Start time choices : 0
World size : 200K
Nodes/sec : 1485.711
Search us time : 53.868
Search wc time : 53.963
Total us time : 53.911
Total wc time : 54.028

[/home/saveant/TGV/DESCARWIN/dae/descarwin/trunk/experiments/MultiObjective/Examples/IPC7/domains/multi-sat/floortile]louis08.fr.trt.thales>^Dexit

Script done on Mon 14 Jan 2013 01:44:12 PM CET
