Script started on Mon 14 Jan 2013 01:44:16 PM CET
[/home/saveant/TGV/DESCARWIN/dae/descarwin/trunk/experiments/MultiObjective/Examples/IPC7/domains/multi-sat/floortile]louis08.fr.trt.thales>cpt_yahsp -C 100 -W -K0.01,0.01 -o domain/domain-sub.pddl  -f problems/pfile11.pddl 
number of last conflicts : 100
enable wdeg
temporal precision : 0.01,0.01
domain file : domain/domain-sub.pddl
problem file : problems/pfile11.pddl

Parsing domain.................... done : 0.001          
Parsing problem................... done : 0.001          
domain : floor-tile
problem : pfile11
Instantiating operators........... done : 0.006          
Creating initial structures....... done : 0.001          
Computing bound................... done : 0.000          
Computing e-deleters.............. done : 0.004          
Finalizing e-deleters............. done : 0.002          
Refreshing structures............. done : 0.002          
Computing distances............... done : 0.010          
Finalizing structures............. done : 0.001          
Variables creation................ done : 0.005          
Bad supporters.................... done : 0.011          
Distance boosting................. done : 0.001          
Initial propagations.............. done : 0.004          

Problem : 278 actions, 102 fluents, 646 causals
          23 init facts, 16 goals

Bound : 10  ---  Nodes : 0  ---  Backtracks : 0  ---  Iteration time : 0.000
Bound : 11.74  ---  Nodes : 0  ---  Backtracks : 0  ---  Iteration time : 0.000
Bound : 13.48  ---  Nodes : 0  ---  Backtracks : 0  ---  Iteration time : 0.001
Bound : 15.22  ---  Nodes : 0  ---  Backtracks : 0  ---  Iteration time : 0.001
Bound : 16.96  ---  Nodes : 0  ---  Backtracks : 0  ---  Iteration time : 0.001
Bound : 18.7  ---  Nodes : 1  ---  Backtracks : 1  ---  Iteration time : 0.002
Bound : 20.44  ---  Nodes : 30  ---  Backtracks : 30  ---  Iteration time : 0.010
Bound : 22.18  ---  Nodes : 81  ---  Backtracks : 81  ---  Iteration time : 0.036
Bound : 23.92  ---  Nodes : 193  ---  Backtracks : 193  ---  Iteration time : 0.101
Bound : 25.66  ---  Nodes : 1613  ---  Backtracks : 1613  ---  Iteration time : 0.930
Bound : 27.4  ---  Nodes : 12179  ---  Backtracks : 12165  ---  Iteration time : 7.354
Bound : 26.33  ---  Nodes : 4205  ---  Backtracks : 4205  ---  Iteration time : 2.370
Bound : 26.67  ---  Nodes : 4518  ---  Backtracks : 4518  ---  Iteration time : 2.475
Bound : 26.84  ---  Nodes : 4622  ---  Backtracks : 4622  ---  Iteration time : 2.758
Bound : 26.92  ---  Nodes : 4756  ---  Backtracks : 4756  ---  Iteration time : 2.755
Bound : 26.96  ---  Nodes : 4746  ---  Backtracks : 4746  ---  Iteration time : 2.818
Bound : 26.98  ---  Nodes : 4283  ---  Backtracks : 4283  ---  Iteration time : 2.397
Bound : 26.99  ---  Nodes : 5352  ---  Backtracks : 5352  ---  Iteration time : 2.944

0.00: (left robot2 tile_3-2 tile_3-1) [1] [6]
0.01: (up robot1 tile_1-1 tile_2-1) [3] [3]
0.02: (right robot3 tile_1-3 tile_1-4) [1] [6]
1.03: (up robot3 tile_1-4 tile_2-4) [3] [3]
1.04: (paint-up robot2 tile_4-1 tile_3-1 black) [2] [4]
3.05: (right robot2 tile_3-1 tile_3-2) [1] [6]
4.06: (up robot3 tile_2-4 tile_3-4) [3] [3]
4.07: (paint-up robot1 tile_3-1 tile_2-1 white) [2] [4]
4.08: (right robot2 tile_3-2 tile_3-3) [1] [6]
5.09: (paint-up robot2 tile_4-3 tile_3-3 black) [2] [4]
6.10: (right robot1 tile_2-1 tile_2-2) [1] [6]
7.11: (down robot2 tile_3-3 tile_2-3) [1] [6]
7.12: (up robot1 tile_2-2 tile_3-2) [3] [3]
7.13: (paint-up robot3 tile_4-4 tile_3-4 white) [2] [4]
8.14: (right robot2 tile_2-3 tile_2-4) [1] [6]
9.15: (left robot3 tile_3-4 tile_3-3) [1] [6]
10.16: (paint-up robot1 tile_4-2 tile_3-2 white) [2] [4]
10.17: (paint-up robot2 tile_3-4 tile_2-4 black) [2] [4]
10.18: (down robot3 tile_3-3 tile_2-3) [1] [6]
11.19: (paint-up robot3 tile_3-3 tile_2-3 white) [2] [4]
12.20: (down robot2 tile_2-4 tile_1-4) [1] [6]
12.21: (change-color robot1 white black) [5] [1]
12.22: (down robot1 tile_3-2 tile_2-2) [1] [6]
13.23: (right robot3 tile_2-3 tile_2-4) [1] [6]
13.24: (left robot2 tile_1-4 tile_1-3) [1] [6]
14.25: (paint-up robot2 tile_2-3 tile_1-3 black) [2] [4]
14.26: (down robot3 tile_2-4 tile_1-4) [1] [6]
15.27: (paint-up robot3 tile_2-4 tile_1-4 white) [2] [4]
16.28: (down robot2 tile_1-3 tile_0-3) [1] [6]
17.29: (left robot3 tile_1-4 tile_1-3) [1] [6]
17.30: (paint-up robot1 tile_3-2 tile_2-2 black) [2] [4]
17.31: (right robot2 tile_0-3 tile_0-4) [1] [6]
18.32: (paint-up robot2 tile_1-4 tile_0-4 black) [2] [4]
18.33: (left robot3 tile_1-3 tile_1-2) [1] [6]
19.34: (left robot1 tile_2-2 tile_2-1) [1] [6]
20.35: (paint-up robot3 tile_2-2 tile_1-2 white) [2] [4]
20.36: (left robot2 tile_0-4 tile_0-3) [1] [6]
20.37: (change-color robot2 black white) [5] [1]
20.38: (down robot1 tile_2-1 tile_1-1) [1] [6]
21.39: (paint-up robot1 tile_2-1 tile_1-1 black) [2] [4]
22.40: (down robot3 tile_1-2 tile_0-2) [1] [6]
23.41: (right robot1 tile_1-1 tile_1-2) [1] [6]
23.42: (left robot3 tile_0-2 tile_0-1) [1] [6]
24.43: (paint-up robot3 tile_1-1 tile_0-1 white) [2] [4]
24.44: (down robot1 tile_1-2 tile_0-2) [1] [6]
25.45: (paint-up robot2 tile_1-3 tile_0-3 white) [2] [4]
25.46: (paint-up robot1 tile_1-2 tile_0-2 black) [2] [4]

Makespan : 27
Total cost : 2.28
Length : 47
Nodes : 46579
Backtracks : 46565
Support choices : 27199
Conflict choices : 19380
Mutex choices : 0
Start time choices : 0
World size : 200K
Nodes/sec : 1728.110
Search us time : 26.954
Search wc time : 26.978
Total us time : 27.002
Total wc time : 27.033

[/home/saveant/TGV/DESCARWIN/dae/descarwin/trunk/experiments/MultiObjective/Examples/IPC7/domains/multi-sat/floortile]louis08.fr.trt.thales>^Dexit

Script done on Mon 14 Jan 2013 01:44:48 PM CET
