Script started on Mon 14 Jan 2013 01:34:10 PM CET
[/home/saveant/TGV/DESCARWIN/dae/descarwin/trunk/experiments/MultiObjective/Examples/IPC7/domains/multi-sat/floortile]louis07.fr.trt.thales>cpt_yahsp -C 100 -W -K0.01,0.01 -o domain/domain-sub.pddl  -f problems/pfile1
pfile10.pddl  pfile11.pddl  pfile12.pddl  pfile13.pddl  pfile14.pddl  pfile15.pddl  pfile16.pddl  pfile17.pddl  pfile18.pddl  pfile19.pddl  pfile1.pddl   
[/home/saveant/TGV/DESCARWIN/dae/descarwin/trunk/experiments/MultiObjective/Examples/IPC7/domains/multi-sat/floortile]louis07.fr.trt.thales>cpt_yahsp -C 100 -W -K0.01,0.01 -o domain/domain-sub.pddl  -f problems/pfile1.pddl 
number of last conflicts : 100
enable wdeg
temporal precision : 0.01,0.01
domain file : domain/domain-sub.pddl
problem file : problems/pfile1.pddl

Parsing domain.................... done : 0.001          
Parsing problem................... done : 0.001          
domain : floor-tile
problem : pfile1
Instantiating operators........... done : 0.001          
Creating initial structures....... done : 0.000          
Computing bound................... done : 0.000          
Computing e-deleters.............. done : 0.000          
Finalizing e-deleters............. done : 0.000          
Refreshing structures............. done : 0.001          
Computing distances............... done : 0.002          
Finalizing structures............. done : 0.000          
Variables creation................ done : 0.004          
Bad supporters.................... done : 0.002          
Distance boosting................. done : 0.000          
Initial propagations.............. done : 0.001          

Problem : 104 actions, 49 fluents, 239 causals
          14 init facts, 9 goals

Bound : 10  ---  Nodes : 0  ---  Backtracks : 0  ---  Iteration time : 0.000
Bound : 11.81  ---  Nodes : 0  ---  Backtracks : 0  ---  Iteration time : 0.000
Bound : 13.62  ---  Nodes : 0  ---  Backtracks : 0  ---  Iteration time : 0.000
Bound : 15.43  ---  Nodes : 1  ---  Backtracks : 1  ---  Iteration time : 0.000
Bound : 17.24  ---  Nodes : 3  ---  Backtracks : 3  ---  Iteration time : 0.001
Bound : 19.05  ---  Nodes : 8  ---  Backtracks : 8  ---  Iteration time : 0.002
Bound : 20.86  ---  Nodes : 7  ---  Backtracks : 7  ---  Iteration time : 0.002
Bound : 22.67  ---  Nodes : 19  ---  Backtracks : 19  ---  Iteration time : 0.005
Bound : 24.48  ---  Nodes : 15  ---  Backtracks : 6  ---  Iteration time : 0.006
Bound : 23.34  ---  Nodes : 51  ---  Backtracks : 51  ---  Iteration time : 0.011
Bound : 23.67  ---  Nodes : 55  ---  Backtracks : 55  ---  Iteration time : 0.012
Bound : 23.84  ---  Nodes : 49  ---  Backtracks : 49  ---  Iteration time : 0.011
Bound : 23.92  ---  Nodes : 43  ---  Backtracks : 43  ---  Iteration time : 0.010
Bound : 23.96  ---  Nodes : 45  ---  Backtracks : 45  ---  Iteration time : 0.011
Bound : 23.98  ---  Nodes : 45  ---  Backtracks : 45  ---  Iteration time : 0.011
Bound : 23.99  ---  Nodes : 45  ---  Backtracks : 45  ---  Iteration time : 0.011

0.00: (down robot2 tile_3-1 tile_2-1) [1] [6]
0.01: (left robot1 tile_0-2 tile_0-1) [1] [6]
1.02: (up robot1 tile_0-1 tile_1-1) [3] [3]
1.03: (right robot2 tile_2-1 tile_2-2) [1] [6]
2.04: (paint-up robot2 tile_3-2 tile_2-2 black) [2] [4]
4.05: (up robot1 tile_1-1 tile_2-1) [3] [3]
4.06: (down robot2 tile_2-2 tile_1-2) [1] [6]
4.07: (change-color robot2 black white) [5] [1]
5.08: (right robot2 tile_1-2 tile_1-3) [1] [6]
6.09: (up robot2 tile_1-3 tile_2-3) [3] [3]
7.10: (paint-up robot1 tile_3-1 tile_2-1 white) [2] [4]
9.11: (paint-up robot2 tile_3-3 tile_2-3 white) [2] [4]
9.12: (right robot1 tile_2-1 tile_2-2) [1] [6]
9.13: (change-color robot1 white black) [5] [1]
10.14: (down robot1 tile_2-2 tile_1-2) [1] [6]
11.15: (left robot1 tile_1-2 tile_1-1) [1] [6]
11.16: (left robot2 tile_2-3 tile_2-2) [1] [6]
12.17: (down robot2 tile_2-2 tile_1-2) [1] [6]
13.18: (paint-up robot2 tile_2-2 tile_1-2 white) [2] [4]
14.19: (paint-up robot1 tile_2-1 tile_1-1 black) [2] [4]
15.20: (down robot2 tile_1-2 tile_0-2) [1] [6]
16.21: (left robot2 tile_0-2 tile_0-1) [1] [6]
16.22: (right robot1 tile_1-1 tile_1-2) [1] [6]
17.23: (right robot1 tile_1-2 tile_1-3) [1] [6]
17.24: (paint-up robot2 tile_1-1 tile_0-1 white) [2] [4]
18.25: (paint-up robot1 tile_2-3 tile_1-3 black) [2] [4]
19.26: (right robot2 tile_0-1 tile_0-2) [1] [6]
20.27: (left robot1 tile_1-3 tile_1-2) [1] [6]
20.28: (right robot2 tile_0-2 tile_0-3) [1] [6]
21.29: (down robot1 tile_1-2 tile_0-2) [1] [6]
21.30: (paint-up robot2 tile_1-3 tile_0-3 white) [2] [4]
22.31: (paint-up robot1 tile_1-2 tile_0-2 black) [2] [4]

Makespan : 24
Total cost : 1.55
Length : 32
Nodes : 386
Backtracks : 377
Support choices : 186
Conflict choices : 200
Mutex choices : 0
Start time choices : 0
World size : 100K
Nodes/sec : 4219.714
Search us time : 0.091
Search wc time : 0.092
Total us time : 0.104
Total wc time : 0.111

[/home/saveant/TGV/DESCARWIN/dae/descarwin/trunk/experiments/MultiObjective/Examples/IPC7/domains/multi-sat/floortile]louis07.fr.trt.thales>^Dexit

Script done on Mon 14 Jan 2013 01:34:27 PM CET
