The system is: Linux - 2.6.27-9-generic - i686
Compiling the C compiler identification source file "CMakeCCompilerId.c" succeeded.
Compiler: /usr/bin/gcc 
Build flags: 
Id flags: 

The output was:
0


Compilation of the C compiler identification source "CMakeCCompilerId.c" produced "a.out"

The C compiler identification is GNU, found in "/home/mustapha/framework/dae/descarwin/trunk/dae/CMakeFiles/CompilerIdC/a.out"

Compiling the CXX compiler identification source file "CMakeCXXCompilerId.cpp" succeeded.
Compiler: /home/mustapha/framework/paradiseo-1.2.1/mpich2/bin/mpicxx 
Build flags: 
Id flags: 

The output was:
0
CMakeCXXCompilerId.cpp:73: attention : deprecated conversion from string constant to ‘char*’
CMakeCXXCompilerId.cpp:163: attention : deprecated conversion from string constant to ‘char*’


Compilation of the CXX compiler identification source "CMakeCXXCompilerId.cpp" produced "a.out"

The CXX compiler identification is GNU, found in "/home/mustapha/framework/dae/descarwin/trunk/dae/CMakeFiles/CompilerIdCXX/a.out"

Determining if the C compiler works passed with the following output:
Change Dir: /home/mustapha/framework/dae/descarwin/trunk/dae/CMakeFiles/CMakeTmp

Run Build Command:/usr/bin/make "cmTryCompileExec/fast"
/usr/bin/make -f CMakeFiles/cmTryCompileExec.dir/build.make CMakeFiles/cmTryCompileExec.dir/build
make[1]: entrant dans le répertoire « /home/mustapha/framework/dae/descarwin/trunk/dae/CMakeFiles/CMakeTmp »
/usr/bin/cmake -E cmake_progress_report /home/mustapha/framework/dae/descarwin/trunk/dae/CMakeFiles/CMakeTmp/CMakeFiles 1
Building C object CMakeFiles/cmTryCompileExec.dir/testCCompiler.c.o
/usr/bin/gcc    -o CMakeFiles/cmTryCompileExec.dir/testCCompiler.c.o   -c /home/mustapha/framework/dae/descarwin/trunk/dae/CMakeFiles/CMakeTmp/testCCompiler.c
Linking C executable cmTryCompileExec
/usr/bin/cmake -E cmake_link_script CMakeFiles/cmTryCompileExec.dir/link.txt --verbose=1
/usr/bin/gcc        CMakeFiles/cmTryCompileExec.dir/testCCompiler.c.o  -o cmTryCompileExec -rdynamic 
make[1]: quittant le répertoire « /home/mustapha/framework/dae/descarwin/trunk/dae/CMakeFiles/CMakeTmp »


Detecting C compiler ABI info compiled with the following output:
Change Dir: /home/mustapha/framework/dae/descarwin/trunk/dae/CMakeFiles/CMakeTmp

Run Build Command:/usr/bin/make "cmTryCompileExec/fast"
/usr/bin/make -f CMakeFiles/cmTryCompileExec.dir/build.make CMakeFiles/cmTryCompileExec.dir/build
make[1]: entrant dans le répertoire « /home/mustapha/framework/dae/descarwin/trunk/dae/CMakeFiles/CMakeTmp »
/usr/bin/cmake -E cmake_progress_report /home/mustapha/framework/dae/descarwin/trunk/dae/CMakeFiles/CMakeTmp/CMakeFiles 1
Building C object CMakeFiles/cmTryCompileExec.dir/CMakeCCompilerABI.c.o
/usr/bin/gcc    -o CMakeFiles/cmTryCompileExec.dir/CMakeCCompilerABI.c.o   -c /usr/share/cmake-2.8/Modules/CMakeCCompilerABI.c
Linking C executable cmTryCompileExec
/usr/bin/cmake -E cmake_link_script CMakeFiles/cmTryCompileExec.dir/link.txt --verbose=1
/usr/bin/gcc       -v CMakeFiles/cmTryCompileExec.dir/CMakeCCompilerABI.c.o  -o cmTryCompileExec -rdynamic  
Utilisation des specs internes.
Target: i486-linux-gnu
Configuré avec: ../src/configure -v --with-pkgversion='Ubuntu 4.3.3-5ubuntu4' --with-bugurl=file:///usr/share/doc/gcc-4.3/README.Bugs --enable-languages=c,c++,fortran,objc,obj-c++ --prefix=/usr --enable-shared --with-system-zlib --libexecdir=/usr/lib --without-included-gettext --enable-threads=posix --enable-nls --with-gxx-include-dir=/usr/include/c++/4.3 --program-suffix=-4.3 --enable-clocale=gnu --enable-libstdcxx-debug --enable-objc-gc --enable-mpfr --enable-targets=all --with-tune=generic --enable-checking=release --build=i486-linux-gnu --host=i486-linux-gnu --target=i486-linux-gnu
Modèle de thread: posix
gcc version 4.3.3 (Ubuntu 4.3.3-5ubuntu4) 
COMPILER_PATH=/usr/lib/gcc/i486-linux-gnu/4.3.3/:/usr/lib/gcc/i486-linux-gnu/4.3.3/:/usr/lib/gcc/i486-linux-gnu/:/usr/lib/gcc/i486-linux-gnu/4.3.3/:/usr/lib/gcc/i486-linux-gnu/:/usr/lib/gcc/i486-linux-gnu/4.3.3/:/usr/lib/gcc/i486-linux-gnu/
LIBRARY_PATH=/usr/lib/gcc/i486-linux-gnu/4.3.3/:/usr/lib/gcc/i486-linux-gnu/4.3.3/:/usr/lib/gcc/i486-linux-gnu/4.3.3/../../../../lib/:/lib/../lib/:/usr/lib/../lib/:/usr/lib/gcc/i486-linux-gnu/4.3.3/../../../:/lib/:/usr/lib/
COLLECT_GCC_OPTIONS='-v' '-o' 'cmTryCompileExec' '-rdynamic' '-mtune=generic'
 /usr/lib/gcc/i486-linux-gnu/4.3.3/collect2 --eh-frame-hdr -m elf_i386 --hash-style=both -export-dynamic -dynamic-linker /lib/ld-linux.so.2 -o cmTryCompileExec -z relro /usr/lib/gcc/i486-linux-gnu/4.3.3/../../../../lib/crt1.o /usr/lib/gcc/i486-linux-gnu/4.3.3/../../../../lib/crti.o /usr/lib/gcc/i486-linux-gnu/4.3.3/crtbegin.o -L/usr/lib/gcc/i486-linux-gnu/4.3.3 -L/usr/lib/gcc/i486-linux-gnu/4.3.3 -L/usr/lib/gcc/i486-linux-gnu/4.3.3/../../../../lib -L/lib/../lib -L/usr/lib/../lib -L/usr/lib/gcc/i486-linux-gnu/4.3.3/../../.. CMakeFiles/cmTryCompileExec.dir/CMakeCCompilerABI.c.o -lgcc --as-needed -lgcc_s --no-as-needed -lc -lgcc --as-needed -lgcc_s --no-as-needed /usr/lib/gcc/i486-linux-gnu/4.3.3/crtend.o /usr/lib/gcc/i486-linux-gnu/4.3.3/../../../../lib/crtn.o
make[1]: quittant le répertoire « /home/mustapha/framework/dae/descarwin/trunk/dae/CMakeFiles/CMakeTmp »


Parsed C implicit link information from above output:
  link line regex: [^( *|.*[/\])(ld|ld|collect2)[^/\]*( |$)]
  ignore line: [Change Dir: /home/mustapha/framework/dae/descarwin/trunk/dae/CMakeFiles/CMakeTmp]
  ignore line: []
  ignore line: [Run Build Command:/usr/bin/make "cmTryCompileExec/fast"]
  ignore line: [/usr/bin/make -f CMakeFiles/cmTryCompileExec.dir/build.make CMakeFiles/cmTryCompileExec.dir/build]
  ignore line: [make[1]: entrant dans le répertoire « /home/mustapha/framework/dae/descarwin/trunk/dae/CMakeFiles/CMakeTmp »]
  ignore line: [/usr/bin/cmake -E cmake_progress_report /home/mustapha/framework/dae/descarwin/trunk/dae/CMakeFiles/CMakeTmp/CMakeFiles 1]
  ignore line: [Building C object CMakeFiles/cmTryCompileExec.dir/CMakeCCompilerABI.c.o]
  ignore line: [/usr/bin/gcc    -o CMakeFiles/cmTryCompileExec.dir/CMakeCCompilerABI.c.o   -c /usr/share/cmake-2.8/Modules/CMakeCCompilerABI.c]
  ignore line: [Linking C executable cmTryCompileExec]
  ignore line: [/usr/bin/cmake -E cmake_link_script CMakeFiles/cmTryCompileExec.dir/link.txt --verbose=1]
  ignore line: [/usr/bin/gcc       -v CMakeFiles/cmTryCompileExec.dir/CMakeCCompilerABI.c.o  -o cmTryCompileExec -rdynamic  ]
  ignore line: [Utilisation des specs internes.]
  ignore line: [Target: i486-linux-gnu]
  ignore line: [Configuré avec: ../src/configure -v --with-pkgversion='Ubuntu 4.3.3-5ubuntu4' --with-bugurl=file:///usr/share/doc/gcc-4.3/README.Bugs --enable-languages=c,c++,fortran,objc,obj-c++ --prefix=/usr --enable-shared --with-system-zlib --libexecdir=/usr/lib --without-included-gettext --enable-threads=posix --enable-nls --with-gxx-include-dir=/usr/include/c++/4.3 --program-suffix=-4.3 --enable-clocale=gnu --enable-libstdcxx-debug --enable-objc-gc --enable-mpfr --enable-targets=all --with-tune=generic --enable-checking=release --build=i486-linux-gnu --host=i486-linux-gnu --target=i486-linux-gnu]
  ignore line: [Modèle de thread: posix]
  ignore line: [gcc version 4.3.3 (Ubuntu 4.3.3-5ubuntu4) ]
  ignore line: [COMPILER_PATH=/usr/lib/gcc/i486-linux-gnu/4.3.3/:/usr/lib/gcc/i486-linux-gnu/4.3.3/:/usr/lib/gcc/i486-linux-gnu/:/usr/lib/gcc/i486-linux-gnu/4.3.3/:/usr/lib/gcc/i486-linux-gnu/:/usr/lib/gcc/i486-linux-gnu/4.3.3/:/usr/lib/gcc/i486-linux-gnu/]
  ignore line: [LIBRARY_PATH=/usr/lib/gcc/i486-linux-gnu/4.3.3/:/usr/lib/gcc/i486-linux-gnu/4.3.3/:/usr/lib/gcc/i486-linux-gnu/4.3.3/../../../../lib/:/lib/../lib/:/usr/lib/../lib/:/usr/lib/gcc/i486-linux-gnu/4.3.3/../../../:/lib/:/usr/lib/]
  ignore line: [COLLECT_GCC_OPTIONS='-v' '-o' 'cmTryCompileExec' '-rdynamic' '-mtune=generic']
  link line: [ /usr/lib/gcc/i486-linux-gnu/4.3.3/collect2 --eh-frame-hdr -m elf_i386 --hash-style=both -export-dynamic -dynamic-linker /lib/ld-linux.so.2 -o cmTryCompileExec -z relro /usr/lib/gcc/i486-linux-gnu/4.3.3/../../../../lib/crt1.o /usr/lib/gcc/i486-linux-gnu/4.3.3/../../../../lib/crti.o /usr/lib/gcc/i486-linux-gnu/4.3.3/crtbegin.o -L/usr/lib/gcc/i486-linux-gnu/4.3.3 -L/usr/lib/gcc/i486-linux-gnu/4.3.3 -L/usr/lib/gcc/i486-linux-gnu/4.3.3/../../../../lib -L/lib/../lib -L/usr/lib/../lib -L/usr/lib/gcc/i486-linux-gnu/4.3.3/../../.. CMakeFiles/cmTryCompileExec.dir/CMakeCCompilerABI.c.o -lgcc --as-needed -lgcc_s --no-as-needed -lc -lgcc --as-needed -lgcc_s --no-as-needed /usr/lib/gcc/i486-linux-gnu/4.3.3/crtend.o /usr/lib/gcc/i486-linux-gnu/4.3.3/../../../../lib/crtn.o]
    arg [/usr/lib/gcc/i486-linux-gnu/4.3.3/collect2] ==> ignore
    arg [--eh-frame-hdr] ==> ignore
    arg [-m] ==> ignore
    arg [elf_i386] ==> ignore
    arg [--hash-style=both] ==> ignore
    arg [-export-dynamic] ==> ignore
    arg [-dynamic-linker] ==> ignore
    arg [/lib/ld-linux.so.2] ==> ignore
    arg [-o] ==> ignore
    arg [cmTryCompileExec] ==> ignore
    arg [-zrelro] ==> ignore
    arg [/usr/lib/gcc/i486-linux-gnu/4.3.3/../../../../lib/crt1.o] ==> ignore
    arg [/usr/lib/gcc/i486-linux-gnu/4.3.3/../../../../lib/crti.o] ==> ignore
    arg [/usr/lib/gcc/i486-linux-gnu/4.3.3/crtbegin.o] ==> ignore
    arg [-L/usr/lib/gcc/i486-linux-gnu/4.3.3] ==> dir [/usr/lib/gcc/i486-linux-gnu/4.3.3]
    arg [-L/usr/lib/gcc/i486-linux-gnu/4.3.3] ==> dir [/usr/lib/gcc/i486-linux-gnu/4.3.3]
    arg [-L/usr/lib/gcc/i486-linux-gnu/4.3.3/../../../../lib] ==> dir [/usr/lib/gcc/i486-linux-gnu/4.3.3/../../../../lib]
    arg [-L/lib/../lib] ==> dir [/lib/../lib]
    arg [-L/usr/lib/../lib] ==> dir [/usr/lib/../lib]
    arg [-L/usr/lib/gcc/i486-linux-gnu/4.3.3/../../..] ==> dir [/usr/lib/gcc/i486-linux-gnu/4.3.3/../../..]
    arg [CMakeFiles/cmTryCompileExec.dir/CMakeCCompilerABI.c.o] ==> ignore
    arg [-lgcc] ==> lib [gcc]
    arg [--as-needed] ==> ignore
    arg [-lgcc_s] ==> lib [gcc_s]
    arg [--no-as-needed] ==> ignore
    arg [-lc] ==> lib [c]
    arg [-lgcc] ==> lib [gcc]
    arg [--as-needed] ==> ignore
    arg [-lgcc_s] ==> lib [gcc_s]
    arg [--no-as-needed] ==> ignore
    arg [/usr/lib/gcc/i486-linux-gnu/4.3.3/crtend.o] ==> ignore
    arg [/usr/lib/gcc/i486-linux-gnu/4.3.3/../../../../lib/crtn.o] ==> ignore
  remove lib [gcc]
  remove lib [gcc_s]
  remove lib [gcc]
  remove lib [gcc_s]
  collapse dir [/usr/lib/gcc/i486-linux-gnu/4.3.3] ==> [/usr/lib/gcc/i486-linux-gnu/4.3.3]
  collapse dir [/usr/lib/gcc/i486-linux-gnu/4.3.3] ==> [/usr/lib/gcc/i486-linux-gnu/4.3.3]
  collapse dir [/usr/lib/gcc/i486-linux-gnu/4.3.3/../../../../lib] ==> [/usr/lib]
  collapse dir [/lib/../lib] ==> [/lib]
  collapse dir [/usr/lib/../lib] ==> [/usr/lib]
  collapse dir [/usr/lib/gcc/i486-linux-gnu/4.3.3/../../..] ==> [/usr/lib]
  implicit libs: [c]
  implicit dirs: [/usr/lib/gcc/i486-linux-gnu/4.3.3;/usr/lib;/lib]


Determining if the CXX compiler works passed with the following output:
Change Dir: /home/mustapha/framework/dae/descarwin/trunk/dae/CMakeFiles/CMakeTmp

Run Build Command:/usr/bin/make "cmTryCompileExec/fast"
/usr/bin/make -f CMakeFiles/cmTryCompileExec.dir/build.make CMakeFiles/cmTryCompileExec.dir/build
make[1]: entrant dans le répertoire « /home/mustapha/framework/dae/descarwin/trunk/dae/CMakeFiles/CMakeTmp »
/usr/bin/cmake -E cmake_progress_report /home/mustapha/framework/dae/descarwin/trunk/dae/CMakeFiles/CMakeTmp/CMakeFiles 1
Building CXX object CMakeFiles/cmTryCompileExec.dir/testCXXCompiler.cxx.o
/home/mustapha/framework/paradiseo-1.2.1/mpich2/bin/mpicxx     -o CMakeFiles/cmTryCompileExec.dir/testCXXCompiler.cxx.o -c /home/mustapha/framework/dae/descarwin/trunk/dae/CMakeFiles/CMakeTmp/testCXXCompiler.cxx
Linking CXX executable cmTryCompileExec
/usr/bin/cmake -E cmake_link_script CMakeFiles/cmTryCompileExec.dir/link.txt --verbose=1
/home/mustapha/framework/paradiseo-1.2.1/mpich2/bin/mpicxx         CMakeFiles/cmTryCompileExec.dir/testCXXCompiler.cxx.o  -o cmTryCompileExec -rdynamic 
make[1]: quittant le répertoire « /home/mustapha/framework/dae/descarwin/trunk/dae/CMakeFiles/CMakeTmp »


Detecting CXX compiler ABI info compiled with the following output:
Change Dir: /home/mustapha/framework/dae/descarwin/trunk/dae/CMakeFiles/CMakeTmp

Run Build Command:/usr/bin/make "cmTryCompileExec/fast"
/usr/bin/make -f CMakeFiles/cmTryCompileExec.dir/build.make CMakeFiles/cmTryCompileExec.dir/build
make[1]: entrant dans le répertoire « /home/mustapha/framework/dae/descarwin/trunk/dae/CMakeFiles/CMakeTmp »
/usr/bin/cmake -E cmake_progress_report /home/mustapha/framework/dae/descarwin/trunk/dae/CMakeFiles/CMakeTmp/CMakeFiles 1
Building CXX object CMakeFiles/cmTryCompileExec.dir/CMakeCXXCompilerABI.cpp.o
/home/mustapha/framework/paradiseo-1.2.1/mpich2/bin/mpicxx     -o CMakeFiles/cmTryCompileExec.dir/CMakeCXXCompilerABI.cpp.o -c /usr/share/cmake-2.8/Modules/CMakeCXXCompilerABI.cpp
Linking CXX executable cmTryCompileExec
/usr/bin/cmake -E cmake_link_script CMakeFiles/cmTryCompileExec.dir/link.txt --verbose=1
/home/mustapha/framework/paradiseo-1.2.1/mpich2/bin/mpicxx        -v CMakeFiles/cmTryCompileExec.dir/CMakeCXXCompilerABI.cpp.o  -o cmTryCompileExec -rdynamic  
mpicxx for 1.0.8
Utilisation des specs internes.
Target: i486-linux-gnu
Configuré avec: ../src/configure -v --with-pkgversion='Ubuntu 4.3.3-5ubuntu4' --with-bugurl=file:///usr/share/doc/gcc-4.3/README.Bugs --enable-languages=c,c++,fortran,objc,obj-c++ --prefix=/usr --enable-shared --with-system-zlib --libexecdir=/usr/lib --without-included-gettext --enable-threads=posix --enable-nls --with-gxx-include-dir=/usr/include/c++/4.3 --program-suffix=-4.3 --enable-clocale=gnu --enable-libstdcxx-debug --enable-objc-gc --enable-mpfr --enable-targets=all --with-tune=generic --enable-checking=release --build=i486-linux-gnu --host=i486-linux-gnu --target=i486-linux-gnu
Modèle de thread: posix
gcc version 4.3.3 (Ubuntu 4.3.3-5ubuntu4) 
COMPILER_PATH=/usr/lib/gcc/i486-linux-gnu/4.3.3/:/usr/lib/gcc/i486-linux-gnu/4.3.3/:/usr/lib/gcc/i486-linux-gnu/:/usr/lib/gcc/i486-linux-gnu/4.3.3/:/usr/lib/gcc/i486-linux-gnu/:/usr/lib/gcc/i486-linux-gnu/4.3.3/:/usr/lib/gcc/i486-linux-gnu/
LIBRARY_PATH=/usr/lib/gcc/i486-linux-gnu/4.3.3/:/usr/lib/gcc/i486-linux-gnu/4.3.3/:/usr/lib/gcc/i486-linux-gnu/4.3.3/../../../../lib/:/lib/../lib/:/usr/lib/../lib/:/usr/lib/gcc/i486-linux-gnu/4.3.3/../../../:/lib/:/usr/lib/
COLLECT_GCC_OPTIONS='-v' '-o' 'cmTryCompileExec' '-rdynamic' '-I/home/mustapha/framework/paradiseo-1.2.1/mpich2/include' '-L/home/mustapha/framework/paradiseo-1.2.1/mpich2/lib' '-shared-libgcc' '-mtune=generic'
 /usr/lib/gcc/i486-linux-gnu/4.3.3/collect2 --eh-frame-hdr -m elf_i386 --hash-style=both -export-dynamic -dynamic-linker /lib/ld-linux.so.2 -o cmTryCompileExec -z relro /usr/lib/gcc/i486-linux-gnu/4.3.3/../../../../lib/crt1.o /usr/lib/gcc/i486-linux-gnu/4.3.3/../../../../lib/crti.o /usr/lib/gcc/i486-linux-gnu/4.3.3/crtbegin.o -L/home/mustapha/framework/paradiseo-1.2.1/mpich2/lib -L/usr/lib/gcc/i486-linux-gnu/4.3.3 -L/usr/lib/gcc/i486-linux-gnu/4.3.3 -L/usr/lib/gcc/i486-linux-gnu/4.3.3/../../../../lib -L/lib/../lib -L/usr/lib/../lib -L/usr/lib/gcc/i486-linux-gnu/4.3.3/../../.. CMakeFiles/cmTryCompileExec.dir/CMakeCXXCompilerABI.cpp.o -lmpichcxx -lmpich -lpthread -lrt -lstdc++ -lm -lgcc_s -lgcc -lc -lgcc_s -lgcc /usr/lib/gcc/i486-linux-gnu/4.3.3/crtend.o /usr/lib/gcc/i486-linux-gnu/4.3.3/../../../../lib/crtn.o
make[1]: quittant le répertoire « /home/mustapha/framework/dae/descarwin/trunk/dae/CMakeFiles/CMakeTmp »


Parsed CXX implicit link information from above output:
  link line regex: [^( *|.*[/\])(ld|ld|collect2)[^/\]*( |$)]
  ignore line: [Change Dir: /home/mustapha/framework/dae/descarwin/trunk/dae/CMakeFiles/CMakeTmp]
  ignore line: []
  ignore line: [Run Build Command:/usr/bin/make "cmTryCompileExec/fast"]
  ignore line: [/usr/bin/make -f CMakeFiles/cmTryCompileExec.dir/build.make CMakeFiles/cmTryCompileExec.dir/build]
  ignore line: [make[1]: entrant dans le répertoire « /home/mustapha/framework/dae/descarwin/trunk/dae/CMakeFiles/CMakeTmp »]
  ignore line: [/usr/bin/cmake -E cmake_progress_report /home/mustapha/framework/dae/descarwin/trunk/dae/CMakeFiles/CMakeTmp/CMakeFiles 1]
  ignore line: [Building CXX object CMakeFiles/cmTryCompileExec.dir/CMakeCXXCompilerABI.cpp.o]
  ignore line: [/home/mustapha/framework/paradiseo-1.2.1/mpich2/bin/mpicxx     -o CMakeFiles/cmTryCompileExec.dir/CMakeCXXCompilerABI.cpp.o -c /usr/share/cmake-2.8/Modules/CMakeCXXCompilerABI.cpp]
  ignore line: [Linking CXX executable cmTryCompileExec]
  ignore line: [/usr/bin/cmake -E cmake_link_script CMakeFiles/cmTryCompileExec.dir/link.txt --verbose=1]
  ignore line: [/home/mustapha/framework/paradiseo-1.2.1/mpich2/bin/mpicxx        -v CMakeFiles/cmTryCompileExec.dir/CMakeCXXCompilerABI.cpp.o  -o cmTryCompileExec -rdynamic  ]
  ignore line: [mpicxx for 1.0.8]
  ignore line: [Utilisation des specs internes.]
  ignore line: [Target: i486-linux-gnu]
  ignore line: [Configuré avec: ../src/configure -v --with-pkgversion='Ubuntu 4.3.3-5ubuntu4' --with-bugurl=file:///usr/share/doc/gcc-4.3/README.Bugs --enable-languages=c,c++,fortran,objc,obj-c++ --prefix=/usr --enable-shared --with-system-zlib --libexecdir=/usr/lib --without-included-gettext --enable-threads=posix --enable-nls --with-gxx-include-dir=/usr/include/c++/4.3 --program-suffix=-4.3 --enable-clocale=gnu --enable-libstdcxx-debug --enable-objc-gc --enable-mpfr --enable-targets=all --with-tune=generic --enable-checking=release --build=i486-linux-gnu --host=i486-linux-gnu --target=i486-linux-gnu]
  ignore line: [Modèle de thread: posix]
  ignore line: [gcc version 4.3.3 (Ubuntu 4.3.3-5ubuntu4) ]
  ignore line: [COMPILER_PATH=/usr/lib/gcc/i486-linux-gnu/4.3.3/:/usr/lib/gcc/i486-linux-gnu/4.3.3/:/usr/lib/gcc/i486-linux-gnu/:/usr/lib/gcc/i486-linux-gnu/4.3.3/:/usr/lib/gcc/i486-linux-gnu/:/usr/lib/gcc/i486-linux-gnu/4.3.3/:/usr/lib/gcc/i486-linux-gnu/]
  ignore line: [LIBRARY_PATH=/usr/lib/gcc/i486-linux-gnu/4.3.3/:/usr/lib/gcc/i486-linux-gnu/4.3.3/:/usr/lib/gcc/i486-linux-gnu/4.3.3/../../../../lib/:/lib/../lib/:/usr/lib/../lib/:/usr/lib/gcc/i486-linux-gnu/4.3.3/../../../:/lib/:/usr/lib/]
  ignore line: [COLLECT_GCC_OPTIONS='-v' '-o' 'cmTryCompileExec' '-rdynamic' '-I/home/mustapha/framework/paradiseo-1.2.1/mpich2/include' '-L/home/mustapha/framework/paradiseo-1.2.1/mpich2/lib' '-shared-libgcc' '-mtune=generic']
  link line: [ /usr/lib/gcc/i486-linux-gnu/4.3.3/collect2 --eh-frame-hdr -m elf_i386 --hash-style=both -export-dynamic -dynamic-linker /lib/ld-linux.so.2 -o cmTryCompileExec -z relro /usr/lib/gcc/i486-linux-gnu/4.3.3/../../../../lib/crt1.o /usr/lib/gcc/i486-linux-gnu/4.3.3/../../../../lib/crti.o /usr/lib/gcc/i486-linux-gnu/4.3.3/crtbegin.o -L/home/mustapha/framework/paradiseo-1.2.1/mpich2/lib -L/usr/lib/gcc/i486-linux-gnu/4.3.3 -L/usr/lib/gcc/i486-linux-gnu/4.3.3 -L/usr/lib/gcc/i486-linux-gnu/4.3.3/../../../../lib -L/lib/../lib -L/usr/lib/../lib -L/usr/lib/gcc/i486-linux-gnu/4.3.3/../../.. CMakeFiles/cmTryCompileExec.dir/CMakeCXXCompilerABI.cpp.o -lmpichcxx -lmpich -lpthread -lrt -lstdc++ -lm -lgcc_s -lgcc -lc -lgcc_s -lgcc /usr/lib/gcc/i486-linux-gnu/4.3.3/crtend.o /usr/lib/gcc/i486-linux-gnu/4.3.3/../../../../lib/crtn.o]
    arg [/usr/lib/gcc/i486-linux-gnu/4.3.3/collect2] ==> ignore
    arg [--eh-frame-hdr] ==> ignore
    arg [-m] ==> ignore
    arg [elf_i386] ==> ignore
    arg [--hash-style=both] ==> ignore
    arg [-export-dynamic] ==> ignore
    arg [-dynamic-linker] ==> ignore
    arg [/lib/ld-linux.so.2] ==> ignore
    arg [-o] ==> ignore
    arg [cmTryCompileExec] ==> ignore
    arg [-zrelro] ==> ignore
    arg [/usr/lib/gcc/i486-linux-gnu/4.3.3/../../../../lib/crt1.o] ==> ignore
    arg [/usr/lib/gcc/i486-linux-gnu/4.3.3/../../../../lib/crti.o] ==> ignore
    arg [/usr/lib/gcc/i486-linux-gnu/4.3.3/crtbegin.o] ==> ignore
    arg [-L/home/mustapha/framework/paradiseo-1.2.1/mpich2/lib] ==> dir [/home/mustapha/framework/paradiseo-1.2.1/mpich2/lib]
    arg [-L/usr/lib/gcc/i486-linux-gnu/4.3.3] ==> dir [/usr/lib/gcc/i486-linux-gnu/4.3.3]
    arg [-L/usr/lib/gcc/i486-linux-gnu/4.3.3] ==> dir [/usr/lib/gcc/i486-linux-gnu/4.3.3]
    arg [-L/usr/lib/gcc/i486-linux-gnu/4.3.3/../../../../lib] ==> dir [/usr/lib/gcc/i486-linux-gnu/4.3.3/../../../../lib]
    arg [-L/lib/../lib] ==> dir [/lib/../lib]
    arg [-L/usr/lib/../lib] ==> dir [/usr/lib/../lib]
    arg [-L/usr/lib/gcc/i486-linux-gnu/4.3.3/../../..] ==> dir [/usr/lib/gcc/i486-linux-gnu/4.3.3/../../..]
    arg [CMakeFiles/cmTryCompileExec.dir/CMakeCXXCompilerABI.cpp.o] ==> ignore
    arg [-lmpichcxx] ==> lib [mpichcxx]
    arg [-lmpich] ==> lib [mpich]
    arg [-lpthread] ==> lib [pthread]
    arg [-lrt] ==> lib [rt]
    arg [-lstdc++] ==> lib [stdc++]
    arg [-lm] ==> lib [m]
    arg [-lgcc_s] ==> lib [gcc_s]
    arg [-lgcc] ==> lib [gcc]
    arg [-lc] ==> lib [c]
    arg [-lgcc_s] ==> lib [gcc_s]
    arg [-lgcc] ==> lib [gcc]
    arg [/usr/lib/gcc/i486-linux-gnu/4.3.3/crtend.o] ==> ignore
    arg [/usr/lib/gcc/i486-linux-gnu/4.3.3/../../../../lib/crtn.o] ==> ignore
  remove lib [gcc_s]
  remove lib [gcc]
  remove lib [gcc_s]
  remove lib [gcc]
  collapse dir [/home/mustapha/framework/paradiseo-1.2.1/mpich2/lib] ==> [/home/mustapha/framework/paradiseo-1.2.1/mpich2/lib]
  collapse dir [/usr/lib/gcc/i486-linux-gnu/4.3.3] ==> [/usr/lib/gcc/i486-linux-gnu/4.3.3]
  collapse dir [/usr/lib/gcc/i486-linux-gnu/4.3.3] ==> [/usr/lib/gcc/i486-linux-gnu/4.3.3]
  collapse dir [/usr/lib/gcc/i486-linux-gnu/4.3.3/../../../../lib] ==> [/usr/lib]
  collapse dir [/lib/../lib] ==> [/lib]
  collapse dir [/usr/lib/../lib] ==> [/usr/lib]
  collapse dir [/usr/lib/gcc/i486-linux-gnu/4.3.3/../../..] ==> [/usr/lib]
  implicit libs: [mpichcxx;mpich;pthread;rt;stdc++;m;c]
  implicit dirs: [/home/mustapha/framework/paradiseo-1.2.1/mpich2/lib;/usr/lib/gcc/i486-linux-gnu/4.3.3;/usr/lib;/lib]


Performing C SOURCE FILE Test OpenMP_FLAG_DETECTED succeded with the following output:
Change Dir: /home/mustapha/framework/dae/descarwin/trunk/dae/CMakeFiles/CMakeTmp

Run Build Command:/usr/bin/make "cmTryCompileExec/fast"
/usr/bin/make -f CMakeFiles/cmTryCompileExec.dir/build.make CMakeFiles/cmTryCompileExec.dir/build
make[1]: entrant dans le répertoire « /home/mustapha/framework/dae/descarwin/trunk/dae/CMakeFiles/CMakeTmp »
/usr/bin/cmake -E cmake_progress_report /home/mustapha/framework/dae/descarwin/trunk/dae/CMakeFiles/CMakeTmp/CMakeFiles 1
Building C object CMakeFiles/cmTryCompileExec.dir/src.c.o
/usr/bin/gcc   -DOpenMP_FLAG_DETECTED -fopenmp   -o CMakeFiles/cmTryCompileExec.dir/src.c.o   -c /home/mustapha/framework/dae/descarwin/trunk/dae/CMakeFiles/CMakeTmp/src.c
Linking C executable cmTryCompileExec
/usr/bin/cmake -E cmake_link_script CMakeFiles/cmTryCompileExec.dir/link.txt --verbose=1
/usr/bin/gcc     -DOpenMP_FLAG_DETECTED -fopenmp   CMakeFiles/cmTryCompileExec.dir/src.c.o  -o cmTryCompileExec -rdynamic 
make[1]: quittant le répertoire « /home/mustapha/framework/dae/descarwin/trunk/dae/CMakeFiles/CMakeTmp »

Source file was:

#include <omp.h>
int main() { 
#ifdef _OPENMP
  return 0; 
#else
  breaks_on_purpose
#endif
}

Performing C++ SOURCE FILE Test OpenMP_FLAG_DETECTED succeded with the following output:
Change Dir: /home/mustapha/framework/dae/descarwin/trunk/dae/CMakeFiles/CMakeTmp

Run Build Command:/usr/bin/make "cmTryCompileExec/fast"
/usr/bin/make -f CMakeFiles/cmTryCompileExec.dir/build.make CMakeFiles/cmTryCompileExec.dir/build
make[1]: entrant dans le répertoire « /home/mustapha/framework/dae/descarwin/trunk/dae/CMakeFiles/CMakeTmp »
/usr/bin/cmake -E cmake_progress_report /home/mustapha/framework/dae/descarwin/trunk/dae/CMakeFiles/CMakeTmp/CMakeFiles 1
Building CXX object CMakeFiles/cmTryCompileExec.dir/src.cxx.o
/home/mustapha/framework/paradiseo-1.2.1/mpich2/bin/mpicxx    -DOpenMP_FLAG_DETECTED -fopenmp   -o CMakeFiles/cmTryCompileExec.dir/src.cxx.o -c /home/mustapha/framework/dae/descarwin/trunk/dae/CMakeFiles/CMakeTmp/src.cxx
Linking CXX executable cmTryCompileExec
/usr/bin/cmake -E cmake_link_script CMakeFiles/cmTryCompileExec.dir/link.txt --verbose=1
/home/mustapha/framework/paradiseo-1.2.1/mpich2/bin/mpicxx      -DOpenMP_FLAG_DETECTED -fopenmp   CMakeFiles/cmTryCompileExec.dir/src.cxx.o  -o cmTryCompileExec -rdynamic 
make[1]: quittant le répertoire « /home/mustapha/framework/dae/descarwin/trunk/dae/CMakeFiles/CMakeTmp »

Source file was:

#include <omp.h>
int main() { 
#ifdef _OPENMP
  return 0; 
#else
  breaks_on_purpose
#endif
}

The system is: Linux - 2.6.27-9-generic - i686
Compiling the C compiler identification source file "CMakeCCompilerId.c" succeeded.
Compiler: /usr/bin/gcc 
Build flags: 
Id flags: 

The output was:
0


Compilation of the C compiler identification source "CMakeCCompilerId.c" produced "a.out"

The C compiler identification is GNU, found in "/home/mustapha/framework/DescarwinCommit/descarwin/branches/dae/CMakeFiles/CompilerIdC/a.out"

Compiling the CXX compiler identification source file "CMakeCXXCompilerId.cpp" succeeded.
Compiler: /home/mustapha/framework/paradiseo-1.2.1/mpich2/bin/mpicxx 
Build flags: 
Id flags: 

The output was:
0
CMakeCXXCompilerId.cpp:73: attention : deprecated conversion from string constant to ‘char*’
CMakeCXXCompilerId.cpp:163: attention : deprecated conversion from string constant to ‘char*’


Compilation of the CXX compiler identification source "CMakeCXXCompilerId.cpp" produced "a.out"

The CXX compiler identification is GNU, found in "/home/mustapha/framework/DescarwinCommit/descarwin/branches/dae/CMakeFiles/CompilerIdCXX/a.out"

Determining if the C compiler works passed with the following output:
Change Dir: /home/mustapha/framework/DescarwinCommit/descarwin/branches/dae/CMakeFiles/CMakeTmp

Run Build Command:/usr/bin/make "cmTryCompileExec/fast"
/usr/bin/make -f CMakeFiles/cmTryCompileExec.dir/build.make CMakeFiles/cmTryCompileExec.dir/build
make[1]: entrant dans le répertoire « /home/mustapha/framework/DescarwinCommit/descarwin/branches/dae/CMakeFiles/CMakeTmp »
/usr/bin/cmake -E cmake_progress_report /home/mustapha/framework/DescarwinCommit/descarwin/branches/dae/CMakeFiles/CMakeTmp/CMakeFiles 1
Building C object CMakeFiles/cmTryCompileExec.dir/testCCompiler.c.o
/usr/bin/gcc    -o CMakeFiles/cmTryCompileExec.dir/testCCompiler.c.o   -c /home/mustapha/framework/DescarwinCommit/descarwin/branches/dae/CMakeFiles/CMakeTmp/testCCompiler.c
Linking C executable cmTryCompileExec
/usr/bin/cmake -E cmake_link_script CMakeFiles/cmTryCompileExec.dir/link.txt --verbose=1
/usr/bin/gcc        CMakeFiles/cmTryCompileExec.dir/testCCompiler.c.o  -o cmTryCompileExec -rdynamic 
make[1]: quittant le répertoire « /home/mustapha/framework/DescarwinCommit/descarwin/branches/dae/CMakeFiles/CMakeTmp »


Detecting C compiler ABI info compiled with the following output:
Change Dir: /home/mustapha/framework/DescarwinCommit/descarwin/branches/dae/CMakeFiles/CMakeTmp

Run Build Command:/usr/bin/make "cmTryCompileExec/fast"
/usr/bin/make -f CMakeFiles/cmTryCompileExec.dir/build.make CMakeFiles/cmTryCompileExec.dir/build
make[1]: entrant dans le répertoire « /home/mustapha/framework/DescarwinCommit/descarwin/branches/dae/CMakeFiles/CMakeTmp »
/usr/bin/cmake -E cmake_progress_report /home/mustapha/framework/DescarwinCommit/descarwin/branches/dae/CMakeFiles/CMakeTmp/CMakeFiles 1
Building C object CMakeFiles/cmTryCompileExec.dir/CMakeCCompilerABI.c.o
/usr/bin/gcc    -o CMakeFiles/cmTryCompileExec.dir/CMakeCCompilerABI.c.o   -c /usr/share/cmake-2.8/Modules/CMakeCCompilerABI.c
Linking C executable cmTryCompileExec
/usr/bin/cmake -E cmake_link_script CMakeFiles/cmTryCompileExec.dir/link.txt --verbose=1
/usr/bin/gcc       -v CMakeFiles/cmTryCompileExec.dir/CMakeCCompilerABI.c.o  -o cmTryCompileExec -rdynamic  
Utilisation des specs internes.
Target: i486-linux-gnu
Configuré avec: ../src/configure -v --with-pkgversion='Ubuntu 4.3.3-5ubuntu4' --with-bugurl=file:///usr/share/doc/gcc-4.3/README.Bugs --enable-languages=c,c++,fortran,objc,obj-c++ --prefix=/usr --enable-shared --with-system-zlib --libexecdir=/usr/lib --without-included-gettext --enable-threads=posix --enable-nls --with-gxx-include-dir=/usr/include/c++/4.3 --program-suffix=-4.3 --enable-clocale=gnu --enable-libstdcxx-debug --enable-objc-gc --enable-mpfr --enable-targets=all --with-tune=generic --enable-checking=release --build=i486-linux-gnu --host=i486-linux-gnu --target=i486-linux-gnu
Modèle de thread: posix
gcc version 4.3.3 (Ubuntu 4.3.3-5ubuntu4) 
COMPILER_PATH=/usr/lib/gcc/i486-linux-gnu/4.3.3/:/usr/lib/gcc/i486-linux-gnu/4.3.3/:/usr/lib/gcc/i486-linux-gnu/:/usr/lib/gcc/i486-linux-gnu/4.3.3/:/usr/lib/gcc/i486-linux-gnu/:/usr/lib/gcc/i486-linux-gnu/4.3.3/:/usr/lib/gcc/i486-linux-gnu/
LIBRARY_PATH=/usr/lib/gcc/i486-linux-gnu/4.3.3/:/usr/lib/gcc/i486-linux-gnu/4.3.3/:/usr/lib/gcc/i486-linux-gnu/4.3.3/../../../../lib/:/lib/../lib/:/usr/lib/../lib/:/usr/lib/gcc/i486-linux-gnu/4.3.3/../../../:/lib/:/usr/lib/
COLLECT_GCC_OPTIONS='-v' '-o' 'cmTryCompileExec' '-rdynamic' '-mtune=generic'
 /usr/lib/gcc/i486-linux-gnu/4.3.3/collect2 --eh-frame-hdr -m elf_i386 --hash-style=both -export-dynamic -dynamic-linker /lib/ld-linux.so.2 -o cmTryCompileExec -z relro /usr/lib/gcc/i486-linux-gnu/4.3.3/../../../../lib/crt1.o /usr/lib/gcc/i486-linux-gnu/4.3.3/../../../../lib/crti.o /usr/lib/gcc/i486-linux-gnu/4.3.3/crtbegin.o -L/usr/lib/gcc/i486-linux-gnu/4.3.3 -L/usr/lib/gcc/i486-linux-gnu/4.3.3 -L/usr/lib/gcc/i486-linux-gnu/4.3.3/../../../../lib -L/lib/../lib -L/usr/lib/../lib -L/usr/lib/gcc/i486-linux-gnu/4.3.3/../../.. CMakeFiles/cmTryCompileExec.dir/CMakeCCompilerABI.c.o -lgcc --as-needed -lgcc_s --no-as-needed -lc -lgcc --as-needed -lgcc_s --no-as-needed /usr/lib/gcc/i486-linux-gnu/4.3.3/crtend.o /usr/lib/gcc/i486-linux-gnu/4.3.3/../../../../lib/crtn.o
make[1]: quittant le répertoire « /home/mustapha/framework/DescarwinCommit/descarwin/branches/dae/CMakeFiles/CMakeTmp »


Parsed C implicit link information from above output:
  link line regex: [^( *|.*[/\])(ld|ld|collect2)[^/\]*( |$)]
  ignore line: [Change Dir: /home/mustapha/framework/DescarwinCommit/descarwin/branches/dae/CMakeFiles/CMakeTmp]
  ignore line: []
  ignore line: [Run Build Command:/usr/bin/make "cmTryCompileExec/fast"]
  ignore line: [/usr/bin/make -f CMakeFiles/cmTryCompileExec.dir/build.make CMakeFiles/cmTryCompileExec.dir/build]
  ignore line: [make[1]: entrant dans le répertoire « /home/mustapha/framework/DescarwinCommit/descarwin/branches/dae/CMakeFiles/CMakeTmp »]
  ignore line: [/usr/bin/cmake -E cmake_progress_report /home/mustapha/framework/DescarwinCommit/descarwin/branches/dae/CMakeFiles/CMakeTmp/CMakeFiles 1]
  ignore line: [Building C object CMakeFiles/cmTryCompileExec.dir/CMakeCCompilerABI.c.o]
  ignore line: [/usr/bin/gcc    -o CMakeFiles/cmTryCompileExec.dir/CMakeCCompilerABI.c.o   -c /usr/share/cmake-2.8/Modules/CMakeCCompilerABI.c]
  ignore line: [Linking C executable cmTryCompileExec]
  ignore line: [/usr/bin/cmake -E cmake_link_script CMakeFiles/cmTryCompileExec.dir/link.txt --verbose=1]
  ignore line: [/usr/bin/gcc       -v CMakeFiles/cmTryCompileExec.dir/CMakeCCompilerABI.c.o  -o cmTryCompileExec -rdynamic  ]
  ignore line: [Utilisation des specs internes.]
  ignore line: [Target: i486-linux-gnu]
  ignore line: [Configuré avec: ../src/configure -v --with-pkgversion='Ubuntu 4.3.3-5ubuntu4' --with-bugurl=file:///usr/share/doc/gcc-4.3/README.Bugs --enable-languages=c,c++,fortran,objc,obj-c++ --prefix=/usr --enable-shared --with-system-zlib --libexecdir=/usr/lib --without-included-gettext --enable-threads=posix --enable-nls --with-gxx-include-dir=/usr/include/c++/4.3 --program-suffix=-4.3 --enable-clocale=gnu --enable-libstdcxx-debug --enable-objc-gc --enable-mpfr --enable-targets=all --with-tune=generic --enable-checking=release --build=i486-linux-gnu --host=i486-linux-gnu --target=i486-linux-gnu]
  ignore line: [Modèle de thread: posix]
  ignore line: [gcc version 4.3.3 (Ubuntu 4.3.3-5ubuntu4) ]
  ignore line: [COMPILER_PATH=/usr/lib/gcc/i486-linux-gnu/4.3.3/:/usr/lib/gcc/i486-linux-gnu/4.3.3/:/usr/lib/gcc/i486-linux-gnu/:/usr/lib/gcc/i486-linux-gnu/4.3.3/:/usr/lib/gcc/i486-linux-gnu/:/usr/lib/gcc/i486-linux-gnu/4.3.3/:/usr/lib/gcc/i486-linux-gnu/]
  ignore line: [LIBRARY_PATH=/usr/lib/gcc/i486-linux-gnu/4.3.3/:/usr/lib/gcc/i486-linux-gnu/4.3.3/:/usr/lib/gcc/i486-linux-gnu/4.3.3/../../../../lib/:/lib/../lib/:/usr/lib/../lib/:/usr/lib/gcc/i486-linux-gnu/4.3.3/../../../:/lib/:/usr/lib/]
  ignore line: [COLLECT_GCC_OPTIONS='-v' '-o' 'cmTryCompileExec' '-rdynamic' '-mtune=generic']
  link line: [ /usr/lib/gcc/i486-linux-gnu/4.3.3/collect2 --eh-frame-hdr -m elf_i386 --hash-style=both -export-dynamic -dynamic-linker /lib/ld-linux.so.2 -o cmTryCompileExec -z relro /usr/lib/gcc/i486-linux-gnu/4.3.3/../../../../lib/crt1.o /usr/lib/gcc/i486-linux-gnu/4.3.3/../../../../lib/crti.o /usr/lib/gcc/i486-linux-gnu/4.3.3/crtbegin.o -L/usr/lib/gcc/i486-linux-gnu/4.3.3 -L/usr/lib/gcc/i486-linux-gnu/4.3.3 -L/usr/lib/gcc/i486-linux-gnu/4.3.3/../../../../lib -L/lib/../lib -L/usr/lib/../lib -L/usr/lib/gcc/i486-linux-gnu/4.3.3/../../.. CMakeFiles/cmTryCompileExec.dir/CMakeCCompilerABI.c.o -lgcc --as-needed -lgcc_s --no-as-needed -lc -lgcc --as-needed -lgcc_s --no-as-needed /usr/lib/gcc/i486-linux-gnu/4.3.3/crtend.o /usr/lib/gcc/i486-linux-gnu/4.3.3/../../../../lib/crtn.o]
    arg [/usr/lib/gcc/i486-linux-gnu/4.3.3/collect2] ==> ignore
    arg [--eh-frame-hdr] ==> ignore
    arg [-m] ==> ignore
    arg [elf_i386] ==> ignore
    arg [--hash-style=both] ==> ignore
    arg [-export-dynamic] ==> ignore
    arg [-dynamic-linker] ==> ignore
    arg [/lib/ld-linux.so.2] ==> ignore
    arg [-o] ==> ignore
    arg [cmTryCompileExec] ==> ignore
    arg [-zrelro] ==> ignore
    arg [/usr/lib/gcc/i486-linux-gnu/4.3.3/../../../../lib/crt1.o] ==> ignore
    arg [/usr/lib/gcc/i486-linux-gnu/4.3.3/../../../../lib/crti.o] ==> ignore
    arg [/usr/lib/gcc/i486-linux-gnu/4.3.3/crtbegin.o] ==> ignore
    arg [-L/usr/lib/gcc/i486-linux-gnu/4.3.3] ==> dir [/usr/lib/gcc/i486-linux-gnu/4.3.3]
    arg [-L/usr/lib/gcc/i486-linux-gnu/4.3.3] ==> dir [/usr/lib/gcc/i486-linux-gnu/4.3.3]
    arg [-L/usr/lib/gcc/i486-linux-gnu/4.3.3/../../../../lib] ==> dir [/usr/lib/gcc/i486-linux-gnu/4.3.3/../../../../lib]
    arg [-L/lib/../lib] ==> dir [/lib/../lib]
    arg [-L/usr/lib/../lib] ==> dir [/usr/lib/../lib]
    arg [-L/usr/lib/gcc/i486-linux-gnu/4.3.3/../../..] ==> dir [/usr/lib/gcc/i486-linux-gnu/4.3.3/../../..]
    arg [CMakeFiles/cmTryCompileExec.dir/CMakeCCompilerABI.c.o] ==> ignore
    arg [-lgcc] ==> lib [gcc]
    arg [--as-needed] ==> ignore
    arg [-lgcc_s] ==> lib [gcc_s]
    arg [--no-as-needed] ==> ignore
    arg [-lc] ==> lib [c]
    arg [-lgcc] ==> lib [gcc]
    arg [--as-needed] ==> ignore
    arg [-lgcc_s] ==> lib [gcc_s]
    arg [--no-as-needed] ==> ignore
    arg [/usr/lib/gcc/i486-linux-gnu/4.3.3/crtend.o] ==> ignore
    arg [/usr/lib/gcc/i486-linux-gnu/4.3.3/../../../../lib/crtn.o] ==> ignore
  remove lib [gcc]
  remove lib [gcc_s]
  remove lib [gcc]
  remove lib [gcc_s]
  collapse dir [/usr/lib/gcc/i486-linux-gnu/4.3.3] ==> [/usr/lib/gcc/i486-linux-gnu/4.3.3]
  collapse dir [/usr/lib/gcc/i486-linux-gnu/4.3.3] ==> [/usr/lib/gcc/i486-linux-gnu/4.3.3]
  collapse dir [/usr/lib/gcc/i486-linux-gnu/4.3.3/../../../../lib] ==> [/usr/lib]
  collapse dir [/lib/../lib] ==> [/lib]
  collapse dir [/usr/lib/../lib] ==> [/usr/lib]
  collapse dir [/usr/lib/gcc/i486-linux-gnu/4.3.3/../../..] ==> [/usr/lib]
  implicit libs: [c]
  implicit dirs: [/usr/lib/gcc/i486-linux-gnu/4.3.3;/usr/lib;/lib]


Determining if the CXX compiler works passed with the following output:
Change Dir: /home/mustapha/framework/DescarwinCommit/descarwin/branches/dae/CMakeFiles/CMakeTmp

Run Build Command:/usr/bin/make "cmTryCompileExec/fast"
/usr/bin/make -f CMakeFiles/cmTryCompileExec.dir/build.make CMakeFiles/cmTryCompileExec.dir/build
make[1]: entrant dans le répertoire « /home/mustapha/framework/DescarwinCommit/descarwin/branches/dae/CMakeFiles/CMakeTmp »
/usr/bin/cmake -E cmake_progress_report /home/mustapha/framework/DescarwinCommit/descarwin/branches/dae/CMakeFiles/CMakeTmp/CMakeFiles 1
Building CXX object CMakeFiles/cmTryCompileExec.dir/testCXXCompiler.cxx.o
/home/mustapha/framework/paradiseo-1.2.1/mpich2/bin/mpicxx     -o CMakeFiles/cmTryCompileExec.dir/testCXXCompiler.cxx.o -c /home/mustapha/framework/DescarwinCommit/descarwin/branches/dae/CMakeFiles/CMakeTmp/testCXXCompiler.cxx
Linking CXX executable cmTryCompileExec
/usr/bin/cmake -E cmake_link_script CMakeFiles/cmTryCompileExec.dir/link.txt --verbose=1
/home/mustapha/framework/paradiseo-1.2.1/mpich2/bin/mpicxx         CMakeFiles/cmTryCompileExec.dir/testCXXCompiler.cxx.o  -o cmTryCompileExec -rdynamic 
make[1]: quittant le répertoire « /home/mustapha/framework/DescarwinCommit/descarwin/branches/dae/CMakeFiles/CMakeTmp »


Detecting CXX compiler ABI info compiled with the following output:
Change Dir: /home/mustapha/framework/DescarwinCommit/descarwin/branches/dae/CMakeFiles/CMakeTmp

Run Build Command:/usr/bin/make "cmTryCompileExec/fast"
/usr/bin/make -f CMakeFiles/cmTryCompileExec.dir/build.make CMakeFiles/cmTryCompileExec.dir/build
make[1]: entrant dans le répertoire « /home/mustapha/framework/DescarwinCommit/descarwin/branches/dae/CMakeFiles/CMakeTmp »
/usr/bin/cmake -E cmake_progress_report /home/mustapha/framework/DescarwinCommit/descarwin/branches/dae/CMakeFiles/CMakeTmp/CMakeFiles 1
Building CXX object CMakeFiles/cmTryCompileExec.dir/CMakeCXXCompilerABI.cpp.o
/home/mustapha/framework/paradiseo-1.2.1/mpich2/bin/mpicxx     -o CMakeFiles/cmTryCompileExec.dir/CMakeCXXCompilerABI.cpp.o -c /usr/share/cmake-2.8/Modules/CMakeCXXCompilerABI.cpp
Linking CXX executable cmTryCompileExec
/usr/bin/cmake -E cmake_link_script CMakeFiles/cmTryCompileExec.dir/link.txt --verbose=1
/home/mustapha/framework/paradiseo-1.2.1/mpich2/bin/mpicxx        -v CMakeFiles/cmTryCompileExec.dir/CMakeCXXCompilerABI.cpp.o  -o cmTryCompileExec -rdynamic  
mpicxx for 1.0.8
Utilisation des specs internes.
Target: i486-linux-gnu
Configuré avec: ../src/configure -v --with-pkgversion='Ubuntu 4.3.3-5ubuntu4' --with-bugurl=file:///usr/share/doc/gcc-4.3/README.Bugs --enable-languages=c,c++,fortran,objc,obj-c++ --prefix=/usr --enable-shared --with-system-zlib --libexecdir=/usr/lib --without-included-gettext --enable-threads=posix --enable-nls --with-gxx-include-dir=/usr/include/c++/4.3 --program-suffix=-4.3 --enable-clocale=gnu --enable-libstdcxx-debug --enable-objc-gc --enable-mpfr --enable-targets=all --with-tune=generic --enable-checking=release --build=i486-linux-gnu --host=i486-linux-gnu --target=i486-linux-gnu
Modèle de thread: posix
gcc version 4.3.3 (Ubuntu 4.3.3-5ubuntu4) 
COMPILER_PATH=/usr/lib/gcc/i486-linux-gnu/4.3.3/:/usr/lib/gcc/i486-linux-gnu/4.3.3/:/usr/lib/gcc/i486-linux-gnu/:/usr/lib/gcc/i486-linux-gnu/4.3.3/:/usr/lib/gcc/i486-linux-gnu/:/usr/lib/gcc/i486-linux-gnu/4.3.3/:/usr/lib/gcc/i486-linux-gnu/
LIBRARY_PATH=/usr/lib/gcc/i486-linux-gnu/4.3.3/:/usr/lib/gcc/i486-linux-gnu/4.3.3/:/usr/lib/gcc/i486-linux-gnu/4.3.3/../../../../lib/:/lib/../lib/:/usr/lib/../lib/:/usr/lib/gcc/i486-linux-gnu/4.3.3/../../../:/lib/:/usr/lib/
COLLECT_GCC_OPTIONS='-v' '-o' 'cmTryCompileExec' '-rdynamic' '-I/home/mustapha/framework/paradiseo-1.2.1/mpich2/include' '-L/home/mustapha/framework/paradiseo-1.2.1/mpich2/lib' '-shared-libgcc' '-mtune=generic'
 /usr/lib/gcc/i486-linux-gnu/4.3.3/collect2 --eh-frame-hdr -m elf_i386 --hash-style=both -export-dynamic -dynamic-linker /lib/ld-linux.so.2 -o cmTryCompileExec -z relro /usr/lib/gcc/i486-linux-gnu/4.3.3/../../../../lib/crt1.o /usr/lib/gcc/i486-linux-gnu/4.3.3/../../../../lib/crti.o /usr/lib/gcc/i486-linux-gnu/4.3.3/crtbegin.o -L/home/mustapha/framework/paradiseo-1.2.1/mpich2/lib -L/usr/lib/gcc/i486-linux-gnu/4.3.3 -L/usr/lib/gcc/i486-linux-gnu/4.3.3 -L/usr/lib/gcc/i486-linux-gnu/4.3.3/../../../../lib -L/lib/../lib -L/usr/lib/../lib -L/usr/lib/gcc/i486-linux-gnu/4.3.3/../../.. CMakeFiles/cmTryCompileExec.dir/CMakeCXXCompilerABI.cpp.o -lmpichcxx -lmpich -lpthread -lrt -lstdc++ -lm -lgcc_s -lgcc -lc -lgcc_s -lgcc /usr/lib/gcc/i486-linux-gnu/4.3.3/crtend.o /usr/lib/gcc/i486-linux-gnu/4.3.3/../../../../lib/crtn.o
make[1]: quittant le répertoire « /home/mustapha/framework/DescarwinCommit/descarwin/branches/dae/CMakeFiles/CMakeTmp »


Parsed CXX implicit link information from above output:
  link line regex: [^( *|.*[/\])(ld|ld|collect2)[^/\]*( |$)]
  ignore line: [Change Dir: /home/mustapha/framework/DescarwinCommit/descarwin/branches/dae/CMakeFiles/CMakeTmp]
  ignore line: []
  ignore line: [Run Build Command:/usr/bin/make "cmTryCompileExec/fast"]
  ignore line: [/usr/bin/make -f CMakeFiles/cmTryCompileExec.dir/build.make CMakeFiles/cmTryCompileExec.dir/build]
  ignore line: [make[1]: entrant dans le répertoire « /home/mustapha/framework/DescarwinCommit/descarwin/branches/dae/CMakeFiles/CMakeTmp »]
  ignore line: [/usr/bin/cmake -E cmake_progress_report /home/mustapha/framework/DescarwinCommit/descarwin/branches/dae/CMakeFiles/CMakeTmp/CMakeFiles 1]
  ignore line: [Building CXX object CMakeFiles/cmTryCompileExec.dir/CMakeCXXCompilerABI.cpp.o]
  ignore line: [/home/mustapha/framework/paradiseo-1.2.1/mpich2/bin/mpicxx     -o CMakeFiles/cmTryCompileExec.dir/CMakeCXXCompilerABI.cpp.o -c /usr/share/cmake-2.8/Modules/CMakeCXXCompilerABI.cpp]
  ignore line: [Linking CXX executable cmTryCompileExec]
  ignore line: [/usr/bin/cmake -E cmake_link_script CMakeFiles/cmTryCompileExec.dir/link.txt --verbose=1]
  ignore line: [/home/mustapha/framework/paradiseo-1.2.1/mpich2/bin/mpicxx        -v CMakeFiles/cmTryCompileExec.dir/CMakeCXXCompilerABI.cpp.o  -o cmTryCompileExec -rdynamic  ]
  ignore line: [mpicxx for 1.0.8]
  ignore line: [Utilisation des specs internes.]
  ignore line: [Target: i486-linux-gnu]
  ignore line: [Configuré avec: ../src/configure -v --with-pkgversion='Ubuntu 4.3.3-5ubuntu4' --with-bugurl=file:///usr/share/doc/gcc-4.3/README.Bugs --enable-languages=c,c++,fortran,objc,obj-c++ --prefix=/usr --enable-shared --with-system-zlib --libexecdir=/usr/lib --without-included-gettext --enable-threads=posix --enable-nls --with-gxx-include-dir=/usr/include/c++/4.3 --program-suffix=-4.3 --enable-clocale=gnu --enable-libstdcxx-debug --enable-objc-gc --enable-mpfr --enable-targets=all --with-tune=generic --enable-checking=release --build=i486-linux-gnu --host=i486-linux-gnu --target=i486-linux-gnu]
  ignore line: [Modèle de thread: posix]
  ignore line: [gcc version 4.3.3 (Ubuntu 4.3.3-5ubuntu4) ]
  ignore line: [COMPILER_PATH=/usr/lib/gcc/i486-linux-gnu/4.3.3/:/usr/lib/gcc/i486-linux-gnu/4.3.3/:/usr/lib/gcc/i486-linux-gnu/:/usr/lib/gcc/i486-linux-gnu/4.3.3/:/usr/lib/gcc/i486-linux-gnu/:/usr/lib/gcc/i486-linux-gnu/4.3.3/:/usr/lib/gcc/i486-linux-gnu/]
  ignore line: [LIBRARY_PATH=/usr/lib/gcc/i486-linux-gnu/4.3.3/:/usr/lib/gcc/i486-linux-gnu/4.3.3/:/usr/lib/gcc/i486-linux-gnu/4.3.3/../../../../lib/:/lib/../lib/:/usr/lib/../lib/:/usr/lib/gcc/i486-linux-gnu/4.3.3/../../../:/lib/:/usr/lib/]
  ignore line: [COLLECT_GCC_OPTIONS='-v' '-o' 'cmTryCompileExec' '-rdynamic' '-I/home/mustapha/framework/paradiseo-1.2.1/mpich2/include' '-L/home/mustapha/framework/paradiseo-1.2.1/mpich2/lib' '-shared-libgcc' '-mtune=generic']
  link line: [ /usr/lib/gcc/i486-linux-gnu/4.3.3/collect2 --eh-frame-hdr -m elf_i386 --hash-style=both -export-dynamic -dynamic-linker /lib/ld-linux.so.2 -o cmTryCompileExec -z relro /usr/lib/gcc/i486-linux-gnu/4.3.3/../../../../lib/crt1.o /usr/lib/gcc/i486-linux-gnu/4.3.3/../../../../lib/crti.o /usr/lib/gcc/i486-linux-gnu/4.3.3/crtbegin.o -L/home/mustapha/framework/paradiseo-1.2.1/mpich2/lib -L/usr/lib/gcc/i486-linux-gnu/4.3.3 -L/usr/lib/gcc/i486-linux-gnu/4.3.3 -L/usr/lib/gcc/i486-linux-gnu/4.3.3/../../../../lib -L/lib/../lib -L/usr/lib/../lib -L/usr/lib/gcc/i486-linux-gnu/4.3.3/../../.. CMakeFiles/cmTryCompileExec.dir/CMakeCXXCompilerABI.cpp.o -lmpichcxx -lmpich -lpthread -lrt -lstdc++ -lm -lgcc_s -lgcc -lc -lgcc_s -lgcc /usr/lib/gcc/i486-linux-gnu/4.3.3/crtend.o /usr/lib/gcc/i486-linux-gnu/4.3.3/../../../../lib/crtn.o]
    arg [/usr/lib/gcc/i486-linux-gnu/4.3.3/collect2] ==> ignore
    arg [--eh-frame-hdr] ==> ignore
    arg [-m] ==> ignore
    arg [elf_i386] ==> ignore
    arg [--hash-style=both] ==> ignore
    arg [-export-dynamic] ==> ignore
    arg [-dynamic-linker] ==> ignore
    arg [/lib/ld-linux.so.2] ==> ignore
    arg [-o] ==> ignore
    arg [cmTryCompileExec] ==> ignore
    arg [-zrelro] ==> ignore
    arg [/usr/lib/gcc/i486-linux-gnu/4.3.3/../../../../lib/crt1.o] ==> ignore
    arg [/usr/lib/gcc/i486-linux-gnu/4.3.3/../../../../lib/crti.o] ==> ignore
    arg [/usr/lib/gcc/i486-linux-gnu/4.3.3/crtbegin.o] ==> ignore
    arg [-L/home/mustapha/framework/paradiseo-1.2.1/mpich2/lib] ==> dir [/home/mustapha/framework/paradiseo-1.2.1/mpich2/lib]
    arg [-L/usr/lib/gcc/i486-linux-gnu/4.3.3] ==> dir [/usr/lib/gcc/i486-linux-gnu/4.3.3]
    arg [-L/usr/lib/gcc/i486-linux-gnu/4.3.3] ==> dir [/usr/lib/gcc/i486-linux-gnu/4.3.3]
    arg [-L/usr/lib/gcc/i486-linux-gnu/4.3.3/../../../../lib] ==> dir [/usr/lib/gcc/i486-linux-gnu/4.3.3/../../../../lib]
    arg [-L/lib/../lib] ==> dir [/lib/../lib]
    arg [-L/usr/lib/../lib] ==> dir [/usr/lib/../lib]
    arg [-L/usr/lib/gcc/i486-linux-gnu/4.3.3/../../..] ==> dir [/usr/lib/gcc/i486-linux-gnu/4.3.3/../../..]
    arg [CMakeFiles/cmTryCompileExec.dir/CMakeCXXCompilerABI.cpp.o] ==> ignore
    arg [-lmpichcxx] ==> lib [mpichcxx]
    arg [-lmpich] ==> lib [mpich]
    arg [-lpthread] ==> lib [pthread]
    arg [-lrt] ==> lib [rt]
    arg [-lstdc++] ==> lib [stdc++]
    arg [-lm] ==> lib [m]
    arg [-lgcc_s] ==> lib [gcc_s]
    arg [-lgcc] ==> lib [gcc]
    arg [-lc] ==> lib [c]
    arg [-lgcc_s] ==> lib [gcc_s]
    arg [-lgcc] ==> lib [gcc]
    arg [/usr/lib/gcc/i486-linux-gnu/4.3.3/crtend.o] ==> ignore
    arg [/usr/lib/gcc/i486-linux-gnu/4.3.3/../../../../lib/crtn.o] ==> ignore
  remove lib [gcc_s]
  remove lib [gcc]
  remove lib [gcc_s]
  remove lib [gcc]
  collapse dir [/home/mustapha/framework/paradiseo-1.2.1/mpich2/lib] ==> [/home/mustapha/framework/paradiseo-1.2.1/mpich2/lib]
  collapse dir [/usr/lib/gcc/i486-linux-gnu/4.3.3] ==> [/usr/lib/gcc/i486-linux-gnu/4.3.3]
  collapse dir [/usr/lib/gcc/i486-linux-gnu/4.3.3] ==> [/usr/lib/gcc/i486-linux-gnu/4.3.3]
  collapse dir [/usr/lib/gcc/i486-linux-gnu/4.3.3/../../../../lib] ==> [/usr/lib]
  collapse dir [/lib/../lib] ==> [/lib]
  collapse dir [/usr/lib/../lib] ==> [/usr/lib]
  collapse dir [/usr/lib/gcc/i486-linux-gnu/4.3.3/../../..] ==> [/usr/lib]
  implicit libs: [mpichcxx;mpich;pthread;rt;stdc++;m;c]
  implicit dirs: [/home/mustapha/framework/paradiseo-1.2.1/mpich2/lib;/usr/lib/gcc/i486-linux-gnu/4.3.3;/usr/lib;/lib]


Performing C SOURCE FILE Test OpenMP_FLAG_DETECTED succeded with the following output:
Change Dir: /home/mustapha/framework/DescarwinCommit/descarwin/branches/dae/CMakeFiles/CMakeTmp

Run Build Command:/usr/bin/make "cmTryCompileExec/fast"
/usr/bin/make -f CMakeFiles/cmTryCompileExec.dir/build.make CMakeFiles/cmTryCompileExec.dir/build
make[1]: entrant dans le répertoire « /home/mustapha/framework/DescarwinCommit/descarwin/branches/dae/CMakeFiles/CMakeTmp »
/usr/bin/cmake -E cmake_progress_report /home/mustapha/framework/DescarwinCommit/descarwin/branches/dae/CMakeFiles/CMakeTmp/CMakeFiles 1
Building C object CMakeFiles/cmTryCompileExec.dir/src.c.o
/usr/bin/gcc   -DOpenMP_FLAG_DETECTED -fopenmp   -o CMakeFiles/cmTryCompileExec.dir/src.c.o   -c /home/mustapha/framework/DescarwinCommit/descarwin/branches/dae/CMakeFiles/CMakeTmp/src.c
Linking C executable cmTryCompileExec
/usr/bin/cmake -E cmake_link_script CMakeFiles/cmTryCompileExec.dir/link.txt --verbose=1
/usr/bin/gcc     -DOpenMP_FLAG_DETECTED -fopenmp   CMakeFiles/cmTryCompileExec.dir/src.c.o  -o cmTryCompileExec -rdynamic 
make[1]: quittant le répertoire « /home/mustapha/framework/DescarwinCommit/descarwin/branches/dae/CMakeFiles/CMakeTmp »

Source file was:

#include <omp.h>
int main() { 
#ifdef _OPENMP
  return 0; 
#else
  breaks_on_purpose
#endif
}

Performing C++ SOURCE FILE Test OpenMP_FLAG_DETECTED succeded with the following output:
Change Dir: /home/mustapha/framework/DescarwinCommit/descarwin/branches/dae/CMakeFiles/CMakeTmp

Run Build Command:/usr/bin/make "cmTryCompileExec/fast"
/usr/bin/make -f CMakeFiles/cmTryCompileExec.dir/build.make CMakeFiles/cmTryCompileExec.dir/build
make[1]: entrant dans le répertoire « /home/mustapha/framework/DescarwinCommit/descarwin/branches/dae/CMakeFiles/CMakeTmp »
/usr/bin/cmake -E cmake_progress_report /home/mustapha/framework/DescarwinCommit/descarwin/branches/dae/CMakeFiles/CMakeTmp/CMakeFiles 1
Building CXX object CMakeFiles/cmTryCompileExec.dir/src.cxx.o
/home/mustapha/framework/paradiseo-1.2.1/mpich2/bin/mpicxx    -DOpenMP_FLAG_DETECTED -fopenmp   -o CMakeFiles/cmTryCompileExec.dir/src.cxx.o -c /home/mustapha/framework/DescarwinCommit/descarwin/branches/dae/CMakeFiles/CMakeTmp/src.cxx
Linking CXX executable cmTryCompileExec
/usr/bin/cmake -E cmake_link_script CMakeFiles/cmTryCompileExec.dir/link.txt --verbose=1
/home/mustapha/framework/paradiseo-1.2.1/mpich2/bin/mpicxx      -DOpenMP_FLAG_DETECTED -fopenmp   CMakeFiles/cmTryCompileExec.dir/src.cxx.o  -o cmTryCompileExec -rdynamic 
make[1]: quittant le répertoire « /home/mustapha/framework/DescarwinCommit/descarwin/branches/dae/CMakeFiles/CMakeTmp »

Source file was:

#include <omp.h>
int main() { 
#ifdef _OPENMP
  return 0; 
#else
  breaks_on_purpose
#endif
}

